2024-11-28 00:00:40.942 [pool-3-thread-1] INFO  com.rs.mv.mvvs.client.catalog.from.scan.CurrentPathScanner - [client:400205]scan file in current open file directory(C:/xampp/htdocs/Web_Denamique_TPs/Projet_Pharmcie/app/Config)
2024-11-28 00:00:51.001 [pool-3-thread-1] INFO  com.rs.mv.mvvs.client.catalog.from.scan.CurrentPathScanner - [client:400205]scan file in current open file directory(C:/xampp/htdocs/Web_Denamique_TPs/Projet_Pharmcie/app/Controllers)
2024-11-28 00:02:49.512 [pool-3-thread-1] INFO  com.rs.mv.mvvs.client.catalog.from.scan.CurrentPathScanner - [client:400205]scan file in current open file directory(C:/xampp/htdocs/Web_Denamique_TPs/Projet_Pharmcie/app/Views/login)
2024-11-28 00:02:52.151 [pool-3-thread-1] INFO  com.rs.mv.mvvs.client.catalog.from.scan.CurrentPathScanner - [client:400205]scan file in current open file directory(C:/xampp/htdocs/Web_Denamique_TPs/Projet_Pharmcie/app/Config)
2024-11-28 00:02:55.591 [pool-3-thread-1] INFO  com.rs.mv.mvvs.client.catalog.from.scan.CurrentPathScanner - [client:400205]scan file in current open file directory(C:/xampp/htdocs/Web_Denamique_TPs/Projet_Pharmcie/app/Views/login)
2024-11-28 00:04:25.286 [pool-3-thread-1] INFO  com.rs.mv.mvvs.client.catalog.from.scan.CurrentPathScanner - [client:400205]scan file in current open file directory(C:/xampp/htdocs/Web_Denamique_TPs/Projet_Pharmcie/app/Controllers)
2024-11-28 00:23:05.905 [pool-3-thread-1] INFO  com.rs.mv.mvvs.client.catalog.from.scan.CurrentPathScanner - [client:400205]scan file in current open file directory(C:/xampp/htdocs/Web_Denamique_TPs/Projet_Pharmcie/app/Views/login)
2024-11-28 00:23:16.825 [pool-3-thread-1] INFO  com.rs.mv.mvvs.client.catalog.from.scan.CurrentPathScanner - [client:400205]scan file in current open file directory(C:/xampp/htdocs/Web_Denamique_TPs/Projet_Pharmcie/app/Controllers)
2024-11-28 00:23:22.339 [pool-3-thread-1] INFO  com.rs.mv.mvvs.client.catalog.from.scan.CurrentPathScanner - [client:400205]scan file in current open file directory(C:/xampp/htdocs/Web_Denamique_TPs/Projet_Pharmcie/app/Controllers)
2024-11-28 00:25:51.491 [pool-3-thread-1] INFO  com.rs.mv.mvvs.client.catalog.from.scan.CurrentPathScanner - [client:400205]scan file in current open file directory(C:/xampp/htdocs/Web_Denamique_TPs/Projet_Pharmcie/app/Views/login)
2024-11-28 00:27:11.048 [pool-3-thread-1] INFO  com.rs.mv.mvvs.client.catalog.from.scan.CurrentPathScanner - [client:400205]scan file in current open file directory(C:/xampp/htdocs/Web_Denamique_TPs/Projet_Pharmcie/app/Controllers)
2024-11-28 00:29:42.317 [pool-3-thread-1] INFO  com.rs.mv.mvvs.client.catalog.from.scan.CurrentPathScanner - [client:400205]scan file in current open file directory(C:/xampp/htdocs/Web_Denamique_TPs/Projet_Pharmcie/app/Views/login)
2024-11-28 00:29:54.216 [pool-3-thread-1] INFO  com.rs.mv.mvvs.client.catalog.from.scan.CurrentPathScanner - [client:400205]scan file in current open file directory(C:/xampp/htdocs/Web_Denamique_TPs/Projet_Pharmcie/app/Views/login)
2024-11-28 00:30:51.269 [pool-3-thread-1] INFO  com.rs.mv.mvvs.client.catalog.from.scan.CurrentPathScanner - [client:400205]scan file in current open file directory(C:/xampp/htdocs/Web_Denamique_TPs/Projet_Pharmcie/app/Controllers)
2024-11-28 00:36:21.493 [pool-3-thread-1] INFO  com.rs.mv.mvvs.client.catalog.from.scan.CurrentPathScanner - [client:400205]scan file in current open file directory(C:/xampp/htdocs/Web_Denamique_TPs/Projet_Pharmcie/app/Controllers)
2024-11-28 00:36:54.432 [pool-3-thread-1] INFO  com.rs.mv.mvvs.client.catalog.from.scan.CurrentPathScanner - [client:400205]scan file in current open file directory(C:/xampp/htdocs/Web_Denamique_TPs/Projet_Pharmcie/app/Controllers)
2024-11-28 00:37:03.007 [pool-3-thread-1] INFO  com.rs.mv.mvvs.client.catalog.from.scan.CurrentPathScanner - [client:400205]scan file in current open file directory(C:/xampp/htdocs/Web_Denamique_TPs/Projet_Pharmcie/app/Controllers)
2024-11-28 00:37:36.862 [pool-3-thread-1] INFO  com.rs.mv.mvvs.client.catalog.from.scan.CurrentPathScanner - [client:400205]scan file in current open file directory(C:/xampp/htdocs/Web_Denamique_TPs/Projet_Pharmcie/app/Controllers)
2024-11-28 00:37:42.200 [pool-3-thread-1] INFO  com.rs.mv.mvvs.client.catalog.from.scan.CurrentPathScanner - [client:400205]scan file in current open file directory(C:/xampp/htdocs/Web_Denamique_TPs/Projet_Pharmcie/app/Controllers)
2024-11-28 00:38:48.786 [pool-3-thread-1] INFO  com.rs.mv.mvvs.client.catalog.from.scan.CurrentPathScanner - [client:400205]scan file in current open file directory(C:/xampp/htdocs/Web_Denamique_TPs/Projet_Pharmcie/app/Views/login)
2024-11-28 00:38:55.402 [pool-3-thread-1] INFO  com.rs.mv.mvvs.client.catalog.from.scan.CurrentPathScanner - [client:400205]scan file in current open file directory(C:/xampp/htdocs/Web_Denamique_TPs/Projet_Pharmcie/app/Controllers)
2024-11-28 00:38:57.531 [pool-3-thread-1] INFO  com.rs.mv.mvvs.client.catalog.from.scan.CurrentPathScanner - [client:400205]scan file in current open file directory(C:/xampp/htdocs/Web_Denamique_TPs/Projet_Pharmcie/app/Views/login)
2024-11-28 00:38:59.907 [pool-3-thread-1] INFO  com.rs.mv.mvvs.client.catalog.from.scan.CurrentPathScanner - [client:400205]scan file in current open file directory(C:/xampp/htdocs/Web_Denamique_TPs/Projet_Pharmcie/app/Controllers)
2024-11-28 00:39:10.001 [pool-3-thread-1] INFO  com.rs.mv.mvvs.client.catalog.from.scan.CurrentPathScanner - [client:400205]scan file in current open file directory(C:/xampp/htdocs/Web_Denamique_TPs/Projet_Pharmcie/app/Controllers)
2024-11-28 00:40:03.434 [pool-3-thread-1] INFO  com.rs.mv.mvvs.client.catalog.from.scan.CurrentPathScanner - [client:400205]scan file in current open file directory(C:/xampp/htdocs/Web_Denamique_TPs/Projet_Pharmcie/app/Config)
2024-11-28 00:40:14.543 [pool-3-thread-1] INFO  com.rs.mv.mvvs.client.catalog.from.scan.CurrentPathScanner - [client:400205]scan file in current open file directory(C:/xampp/htdocs/Web_Denamique_TPs/Projet_Pharmcie/app/Controllers)
2024-11-28 00:40:22.559 [pool-3-thread-1] INFO  com.rs.mv.mvvs.client.catalog.from.scan.CurrentPathScanner - [client:400205]scan file in current open file directory(C:/xampp/htdocs/Web_Denamique_TPs/Projet_Pharmcie/app/Config)
2024-11-28 00:40:36.651 [pool-3-thread-1] INFO  com.rs.mv.mvvs.client.catalog.from.scan.CurrentPathScanner - [client:400205]scan file in current open file directory(C:/xampp/htdocs/Web_Denamique_TPs/Projet_Pharmcie/app/Views/login)
2024-11-28 00:40:54.388 [pool-3-thread-1] INFO  com.rs.mv.mvvs.client.catalog.from.scan.CurrentPathScanner - [client:400205]scan file in current open file directory(C:/xampp/htdocs/Web_Denamique_TPs/Projet_Pharmcie/app/Views/login)
2024-11-28 00:41:01.417 [pool-3-thread-1] INFO  com.rs.mv.mvvs.client.catalog.from.scan.CurrentPathScanner - [client:400205]scan file in current open file directory(C:/xampp/htdocs/Web_Denamique_TPs/Projet_Pharmcie/app/Views/login)
2024-11-28 00:41:29.719 [pool-3-thread-1] INFO  com.rs.mv.mvvs.client.catalog.from.scan.CurrentPathScanner - [client:400205]scan file in current open file directory(C:/xampp/htdocs/Web_Denamique_TPs/Projet_Pharmcie/app/Controllers)
2024-11-28 00:41:31.703 [pool-3-thread-1] INFO  com.rs.mv.mvvs.client.catalog.from.scan.CurrentPathScanner - [client:400205]scan file in current open file directory(C:/xampp/htdocs/Web_Denamique_TPs/Projet_Pharmcie/app/Controllers)
2024-11-28 00:42:05.701 [pool-3-thread-1] INFO  com.rs.mv.mvvs.client.catalog.from.scan.CurrentPathScanner - [client:400205]scan file in current open file directory(C:/xampp/htdocs/Web_Denamique_TPs/Projet_Pharmcie/app/Controllers)
2024-11-28 00:42:25.906 [pool-3-thread-1] INFO  com.rs.mv.mvvs.client.catalog.from.scan.CurrentPathScanner - [client:400205]scan file in current open file directory(C:/xampp/htdocs/Web_Denamique_TPs/Projet_Pharmcie/app/Controllers)
2024-11-28 00:44:29.839 [pool-3-thread-1] INFO  com.rs.mv.mvvs.client.catalog.from.scan.CurrentPathScanner - [client:400205]scan file in current open file directory(C:/xampp/htdocs/Web_Denamique_TPs/Projet_Pharmcie/app/Controllers)
2024-11-28 00:52:46.505 [pool-3-thread-1] INFO  com.rs.mv.mvvs.client.catalog.from.scan.CurrentPathScanner - [client:400205]scan file in current open file directory(C:/xampp/htdocs/Web_Denamique_TPs/Projet_Pharmcie/app/Controllers)
2024-11-28 00:52:53.944 [pool-3-thread-1] INFO  com.rs.mv.mvvs.client.catalog.from.scan.CurrentPathScanner - [client:400205]scan file in current open file directory(C:/xampp/htdocs/Web_Denamique_TPs/Projet_Pharmcie/app/Controllers)
2024-11-28 00:54:09.114 [pool-3-thread-1] INFO  com.rs.mv.mvvs.client.catalog.from.scan.CurrentPathScanner - [client:400205]scan file in current open file directory(C:/xampp/htdocs/Web_Denamique_TPs/Projet_Pharmcie/app/Controllers)
2024-11-28 00:54:20.889 [pool-3-thread-1] INFO  com.rs.mv.mvvs.client.catalog.from.scan.CurrentPathScanner - [client:400205]scan file in current open file directory(C:/xampp/htdocs/Web_Denamique_TPs/Projet_Pharmcie/app/Controllers)
2024-11-28 00:54:30.189 [pool-3-thread-1] INFO  com.rs.mv.mvvs.client.catalog.from.scan.CurrentPathScanner - [client:400205]scan file in current open file directory(C:/xampp/htdocs/Web_Denamique_TPs/Projet_Pharmcie/app/Controllers)
2024-11-28 00:54:42.371 [pool-3-thread-1] INFO  com.rs.mv.mvvs.client.catalog.from.scan.CurrentPathScanner - [client:400205]scan file in current open file directory(C:/xampp/htdocs/Web_Denamique_TPs/Projet_Pharmcie/app/Controllers)
2024-11-28 01:00:22.633 [pool-3-thread-1] INFO  com.rs.mv.mvvs.client.catalog.from.scan.CurrentPathScanner - [client:400205]scan file in current open file directory(C:/xampp/htdocs/Web_Denamique_TPs/Projet_Pharmcie/app/Views/login)
2024-11-28 01:00:27.803 [pool-3-thread-1] INFO  com.rs.mv.mvvs.client.catalog.from.scan.CurrentPathScanner - [client:400205]scan file in current open file directory(C:/xampp/htdocs/Web_Denamique_TPs/Projet_Pharmcie/app/Controllers)
2024-11-28 01:10:44.941 [pool-3-thread-1] INFO  com.rs.mv.mvvs.client.catalog.from.scan.CurrentPathScanner - [client:400205]scan file in current open file directory(C:/xampp/htdocs/Web_Denamique_TPs/Projet_Pharmcie/app/Models)
2024-11-28 01:13:03.122 [pool-3-thread-1] INFO  com.rs.mv.mvvs.client.catalog.from.scan.CurrentPathScanner - [client:400205]scan file in current open file directory(C:/xampp/htdocs/Web_Denamique_TPs/Projet_Pharmcie/app/Controllers)
2024-11-28 01:15:22.170 [pool-3-thread-1] INFO  com.rs.mv.mvvs.client.catalog.from.scan.CurrentPathScanner - [client:400205]scan file in current open file directory(C:/xampp/htdocs/Web_Denamique_TPs/Projet_Pharmcie/app/Controllers)
2024-11-28 15:47:31.513 [pool-3-thread-1] INFO  com.rs.mv.mvvs.client.catalog.from.scan.CurrentPathScanner - [client:400205]scan file in current open file directory(C:/xampp/htdocs/Web_Denamique_TPs/Projet_Pharmcie/app/Controllers)
2024-11-28 15:54:11.538 [pool-3-thread-1] INFO  com.rs.mv.mvvs.client.catalog.from.scan.CurrentPathScanner - [client:400205]scan file in current open file directory(C:/xampp/htdocs/Web_Denamique_TPs/Projet_Pharmcie/app/Config)
2024-11-28 15:54:13.504 [pool-3-thread-1] INFO  com.rs.mv.mvvs.client.catalog.from.scan.CurrentPathScanner - [client:400205]scan file in current open file directory(C:/xampp/htdocs/Web_Denamique_TPs/Projet_Pharmcie/app/Controllers)
2024-11-28 15:54:26.017 [pool-3-thread-1] INFO  com.rs.mv.mvvs.client.catalog.from.scan.CurrentPathScanner - [client:400205]scan file in current open file directory(C:/xampp/htdocs/Web_Denamique_TPs/Projet_Pharmcie/app/Views/login)
2024-11-28 15:54:34.576 [pool-3-thread-1] INFO  com.rs.mv.mvvs.client.catalog.from.scan.CurrentPathScanner - [client:400205]scan file in current open file directory(C:/xampp/htdocs/Web_Denamique_TPs/Projet_Pharmcie/app/Controllers)
2024-11-28 15:54:44.668 [pool-3-thread-1] INFO  com.rs.mv.mvvs.client.catalog.from.scan.CurrentPathScanner - [client:400205]scan file in current open file directory(C:/xampp/htdocs/Web_Denamique_TPs/Projet_Pharmcie/app/Views/login)
2024-11-28 15:55:42.100 [pool-3-thread-1] INFO  com.rs.mv.mvvs.client.catalog.from.scan.CurrentPathScanner - [client:400205]scan file in current open file directory(C:/xampp/htdocs/Web_Denamique_TPs/Projet_Pharmcie/app/Controllers)
2024-11-28 15:55:58.780 [pool-3-thread-1] INFO  com.rs.mv.mvvs.client.catalog.from.scan.CurrentPathScanner - [client:400205]scan file in current open file directory(C:/xampp/htdocs/Web_Denamique_TPs/Projet_Pharmcie/app/Controllers)
2024-11-28 15:57:24.236 [pool-3-thread-1] INFO  com.rs.mv.mvvs.client.catalog.from.scan.CurrentPathScanner - [client:400205]scan file in current open file directory(C:/xampp/htdocs/Web_Denamique_TPs/Projet_Pharmcie/app/Config)
2024-11-28 15:58:05.304 [pool-3-thread-1] INFO  com.rs.mv.mvvs.client.catalog.from.scan.CurrentPathScanner - [client:400205]scan file in current open file directory(C:/xampp/htdocs/Web_Denamique_TPs/Projet_Pharmcie/app/Controllers)
2024-11-28 15:58:39.391 [pool-3-thread-1] INFO  com.rs.mv.mvvs.client.catalog.from.scan.CurrentPathScanner - [client:400205]scan file in current open file directory(C:/xampp/htdocs/Web_Denamique_TPs/Projet_Pharmcie/app/Views/login)
2024-11-28 15:58:54.137 [pool-3-thread-1] INFO  com.rs.mv.mvvs.client.catalog.from.scan.CurrentPathScanner - [client:400205]scan file in current open file directory(C:/xampp/htdocs/Web_Denamique_TPs/Projet_Pharmcie/app/Views/login)
2024-11-28 15:58:59.933 [pool-3-thread-1] INFO  com.rs.mv.mvvs.client.catalog.from.scan.CurrentPathScanner - [client:400205]scan file in current open file directory(C:/xampp/htdocs/Web_Denamique_TPs/Projet_Pharmcie/app/Views/login)
2024-11-28 15:59:36.570 [pool-3-thread-1] INFO  com.rs.mv.mvvs.client.catalog.from.scan.CurrentPathScanner - [client:400205]scan file in current open file directory(C:/xampp/htdocs/Web_Denamique_TPs/Projet_Pharmcie/app/Controllers)
2024-11-28 15:59:43.353 [pool-3-thread-1] INFO  com.rs.mv.mvvs.client.catalog.from.scan.CurrentPathScanner - [client:400205]scan file in current open file directory(C:/xampp/htdocs/Web_Denamique_TPs/Projet_Pharmcie/app/Views/login)
2024-11-28 16:00:02.159 [pool-3-thread-1] INFO  com.rs.mv.mvvs.client.catalog.from.scan.CurrentPathScanner - [client:400205]scan file in current open file directory(C:/xampp/htdocs/Web_Denamique_TPs/Projet_Pharmcie/app/Controllers)
2024-11-28 16:12:58.324 [pool-3-thread-1] INFO  com.rs.mv.mvvs.client.catalog.from.scan.CurrentPathScanner - [client:400205]scan file in current open file directory(C:/xampp/htdocs/Web_Denamique_TPs/Projet_Pharmcie/app/Views/login)
2024-11-28 16:19:19.310 [pool-3-thread-1] INFO  com.rs.mv.mvvs.client.catalog.from.scan.CurrentPathScanner - [client:400205]scan file in current open file directory(C:/xampp/htdocs/Web_Denamique_TPs/Projet_Pharmcie/app/Controllers)
2024-11-28 16:24:23.292 [pool-3-thread-1] INFO  com.rs.mv.mvvs.client.catalog.from.scan.CurrentPathScanner - [client:400205]scan file in current open file directory(C:/xampp/htdocs/Web_Denamique_TPs/Projet_Pharmcie/app/Views/login)
2024-11-28 16:25:09.672 [pool-3-thread-1] INFO  com.rs.mv.mvvs.client.catalog.from.scan.CurrentPathScanner - [client:400205]scan file in current open file directory(C:/xampp/htdocs/Web_Denamique_TPs/Projet_Pharmcie/app/Controllers)
2024-11-28 16:29:27.030 [pool-3-thread-1] INFO  com.rs.mv.mvvs.client.catalog.from.scan.CurrentPathScanner - [client:400205]scan file in current open file directory(C:/xampp/htdocs/Web_Denamique_TPs/Projet_Pharmcie/app/Views/login)
2024-11-28 16:29:39.370 [pool-3-thread-1] INFO  com.rs.mv.mvvs.client.catalog.from.scan.CurrentPathScanner - [client:400205]scan file in current open file directory(C:/xampp/htdocs/Web_Denamique_TPs/Projet_Pharmcie/app/Views/login)
2024-11-28 16:29:42.496 [pool-3-thread-1] INFO  com.rs.mv.mvvs.client.catalog.from.scan.CurrentPathScanner - [client:400205]scan file in current open file directory(C:/xampp/htdocs/Web_Denamique_TPs/Projet_Pharmcie/app/Views/login)
2024-11-28 16:30:25.415 [pool-3-thread-1] INFO  com.rs.mv.mvvs.client.catalog.from.scan.CurrentPathScanner - [client:400205]scan file in current open file directory(C:/xampp/htdocs/Web_Denamique_TPs/Projet_Pharmcie/app/Controllers)
2024-11-28 16:33:35.232 [pool-3-thread-1] INFO  com.rs.mv.mvvs.client.catalog.from.scan.CurrentPathScanner - [client:400205]scan file in current open file directory(C:/xampp/htdocs/Web_Denamique_TPs/Projet_Pharmcie/app/Views/login)
2024-11-28 16:35:02.833 [pool-3-thread-1] INFO  com.rs.mv.mvvs.client.catalog.from.scan.CurrentPathScanner - [client:400205]scan file in current open file directory(C:/xampp/htdocs/Web_Denamique_TPs/Projet_Pharmcie/app/Controllers)
2024-11-28 16:36:14.045 [pool-3-thread-1] INFO  com.rs.mv.mvvs.client.catalog.from.scan.CurrentPathScanner - [client:400205]scan file in current open file directory(C:/xampp/htdocs/Web_Denamique_TPs/Projet_Pharmcie/app/Views/login)
2024-11-28 16:36:44.191 [pool-3-thread-1] INFO  com.rs.mv.mvvs.client.catalog.from.scan.CurrentPathScanner - [client:400205]scan file in current open file directory(C:/xampp/htdocs/Web_Denamique_TPs/Projet_Pharmcie/app/Controllers)
2024-11-28 16:38:35.298 [pool-3-thread-1] INFO  com.rs.mv.mvvs.client.catalog.from.scan.CurrentPathScanner - [client:400205]scan file in current open file directory(C:/xampp/htdocs/Web_Denamique_TPs/Projet_Pharmcie/app/Views/login)
2024-11-28 16:44:07.865 [pool-3-thread-1] INFO  com.rs.mv.mvvs.client.catalog.from.scan.CurrentPathScanner - [client:400205]scan file in current open file directory(C:/xampp/htdocs/Web_Denamique_TPs/Projet_Pharmcie/app/Controllers)
2024-11-28 16:48:41.312 [pool-3-thread-1] INFO  com.rs.mv.mvvs.client.catalog.from.scan.CurrentPathScanner - [client:400205]scan file in current open file directory(C:/xampp/htdocs/Web_Denamique_TPs/Projet_Pharmcie/app/Views/login)
2024-11-28 16:48:46.495 [pool-3-thread-1] INFO  com.rs.mv.mvvs.client.catalog.from.scan.CurrentPathScanner - [client:400205]scan file in current open file directory(C:/xampp/htdocs/Web_Denamique_TPs/Projet_Pharmcie/app/Views/login)
2024-11-28 16:49:29.629 [pool-3-thread-1] INFO  com.rs.mv.mvvs.client.catalog.from.scan.CurrentPathScanner - [client:400205]scan file in current open file directory(C:/xampp/htdocs/Web_Denamique_TPs/Projet_Pharmcie/app/Controllers)
2024-11-28 16:49:57.957 [pool-3-thread-1] INFO  com.rs.mv.mvvs.client.catalog.from.scan.CurrentPathScanner - [client:400205]scan file in current open file directory(C:/xampp/htdocs/Web_Denamique_TPs/Projet_Pharmcie/app/Views/login)
2024-11-28 17:04:27.295 [pool-3-thread-1] INFO  com.rs.mv.mvvs.client.catalog.from.scan.CurrentPathScanner - [client:400205]scan file in current open file directory(C:/xampp/htdocs/Web_Denamique_TPs/Projet_Pharmcie/app/Controllers)
2024-11-28 17:05:00.368 [pool-3-thread-1] INFO  com.rs.mv.mvvs.client.catalog.from.scan.CurrentPathScanner - [client:400205]scan file in current open file directory(C:/xampp/htdocs/Web_Denamique_TPs/Projet_Pharmcie/app/Controllers)
2024-11-28 17:05:25.712 [pool-3-thread-1] INFO  com.rs.mv.mvvs.client.catalog.from.scan.CurrentPathScanner - [client:400205]scan file in current open file directory(C:/xampp/htdocs/Web_Denamique_TPs/Projet_Pharmcie/app/Views/login)
2024-11-28 17:06:06.491 [pool-3-thread-1] INFO  com.rs.mv.mvvs.client.catalog.from.scan.CurrentPathScanner - [client:400205]scan file in current open file directory(C:/xampp/htdocs/Web_Denamique_TPs/Projet_Pharmcie/app/Controllers)
2024-11-28 17:06:31.363 [pool-3-thread-1] INFO  com.rs.mv.mvvs.client.catalog.from.scan.CurrentPathScanner - [client:400205]scan file in current open file directory(C:/xampp/htdocs/Web_Denamique_TPs/Projet_Pharmcie/app/Controllers)
2024-11-28 17:16:55.307 [pool-3-thread-1] INFO  com.rs.mv.mvvs.client.catalog.from.scan.CurrentPathScanner - [client:400205]scan file in current open file directory(C:/xampp/htdocs/Web_Denamique_TPs/Projet_Pharmcie/app/Views/login)
2024-11-28 17:18:30.821 [pool-3-thread-1] INFO  com.rs.mv.mvvs.client.catalog.from.scan.CurrentPathScanner - [client:400205]scan file in current open file directory(C:/xampp/htdocs/Web_Denamique_TPs/Projet_Pharmcie/app/Controllers)
2024-11-28 17:22:04.356 [pool-3-thread-1] INFO  com.rs.mv.mvvs.client.catalog.from.scan.CurrentPathScanner - [client:400205]scan file in current open file directory(C:/xampp/htdocs/Web_Denamique_TPs/Projet_Pharmcie/app/Controllers)
2024-11-28 17:54:05.270 [pool-3-thread-1] INFO  com.rs.mv.mvvs.client.catalog.from.scan.CurrentPathScanner - [client:400205]scan file in current open file directory(C:/xampp/htdocs/Web_Denamique_TPs/Projet_Pharmcie/app/Views/login)
2024-11-28 17:54:06.162 [pool-3-thread-1] INFO  com.rs.mv.mvvs.client.catalog.from.scan.CurrentPathScanner - [client:400205]scan file in current open file directory(C:/xampp/htdocs/Web_Denamique_TPs/Projet_Pharmcie/app/Controllers)
2024-11-28 17:54:22.495 [pool-3-thread-1] INFO  com.rs.mv.mvvs.client.catalog.from.scan.CurrentPathScanner - [client:400205]scan file in current open file directory(C:/xampp/htdocs/Web_Denamique_TPs/Projet_Pharmcie/app/Views/login)
2024-11-28 17:57:21.133 [pool-3-thread-1] INFO  com.rs.mv.mvvs.client.catalog.from.scan.CurrentPathScanner - [client:400205]scan file in current open file directory(C:/xampp/htdocs/Web_Denamique_TPs/Projet_Pharmcie/app/Controllers)
2024-11-28 18:03:26.965 [pool-3-thread-1] INFO  com.rs.mv.mvvs.client.catalog.from.scan.CurrentPathScanner - [client:400205]scan file in current open file directory(C:/xampp/htdocs/Web_Denamique_TPs/Projet_Pharmcie/app/Controllers)
2024-11-28 18:03:29.495 [pool-3-thread-1] INFO  com.rs.mv.mvvs.client.catalog.from.scan.CurrentPathScanner - [client:400205]scan file in current open file directory(C:/xampp/htdocs/Web_Denamique_TPs/Projet_Pharmcie/app/Controllers)
2024-11-28 18:03:31.503 [pool-3-thread-1] INFO  com.rs.mv.mvvs.client.catalog.from.scan.CurrentPathScanner - [client:400205]scan file in current open file directory(C:/xampp/htdocs/Web_Denamique_TPs/Projet_Pharmcie/app/Controllers)
2024-11-28 18:03:36.324 [pool-3-thread-1] INFO  com.rs.mv.mvvs.client.catalog.from.scan.CurrentPathScanner - [client:400205]scan file in current open file directory(C:/xampp/htdocs/Web_Denamique_TPs/Projet_Pharmcie/app/Config)
2024-11-28 18:03:44.249 [pool-3-thread-1] INFO  com.rs.mv.mvvs.client.catalog.from.scan.CurrentPathScanner - [client:400205]scan file in current open file directory(C:/xampp/htdocs/Web_Denamique_TPs/Projet_Pharmcie/app/Controllers)
2024-11-28 18:03:48.394 [pool-3-thread-1] INFO  com.rs.mv.mvvs.client.catalog.from.scan.CurrentPathScanner - [client:400205]scan file in current open file directory(C:/xampp/htdocs/Web_Denamique_TPs/Projet_Pharmcie/app/Views/login)
2024-11-28 18:07:30.856 [pool-3-thread-1] INFO  com.rs.mv.mvvs.client.catalog.from.scan.CurrentPathScanner - [client:400205]scan file in current open file directory(C:/xampp/htdocs/Web_Denamique_TPs/Projet_Pharmcie/app/Controllers)
2024-11-28 18:15:03.898 [pool-3-thread-1] INFO  com.rs.mv.mvvs.client.catalog.from.scan.CurrentPathScanner - [client:400205]scan file in current open file directory(C:/xampp/htdocs/Web_Denamique_TPs/Projet_Pharmcie/app/Config)
2024-11-28 18:15:04.716 [pool-3-thread-1] INFO  com.rs.mv.mvvs.client.catalog.from.scan.CurrentPathScanner - [client:400205]scan file in current open file directory(C:/xampp/htdocs/Web_Denamique_TPs/Projet_Pharmcie/app/Config)
2024-11-28 18:15:05.604 [pool-3-thread-1] INFO  com.rs.mv.mvvs.client.catalog.from.scan.CurrentPathScanner - [client:400205]scan file in current open file directory(C:/xampp/htdocs/Web_Denamique_TPs/Projet_Pharmcie/app/Config)
2024-11-28 18:15:06.380 [pool-3-thread-1] INFO  com.rs.mv.mvvs.client.catalog.from.scan.CurrentPathScanner - [client:400205]scan file in current open file directory(C:/xampp/htdocs/Web_Denamique_TPs/Projet_Pharmcie/app/Views/login)
2024-11-28 18:15:15.022 [pool-3-thread-1] INFO  com.rs.mv.mvvs.client.catalog.from.scan.CurrentPathScanner - [client:400205]scan file in current open file directory(C:/xampp/htdocs/Web_Denamique_TPs/Projet_Pharmcie/app/Views/login)
2024-11-28 18:15:28.023 [pool-3-thread-1] INFO  com.rs.mv.mvvs.client.catalog.from.scan.CurrentPathScanner - [client:400205]scan file in current open file directory(C:/xampp/htdocs/Web_Denamique_TPs/Projet_Pharmcie/app/Controllers)
2024-11-28 18:16:06.514 [pool-3-thread-1] INFO  com.rs.mv.mvvs.client.catalog.from.scan.CurrentPathScanner - [client:400205]scan file in current open file directory(C:/xampp/htdocs/Web_Denamique_TPs/Projet_Pharmcie/app/Views/login)
2024-11-28 18:16:14.839 [pool-3-thread-1] INFO  com.rs.mv.mvvs.client.catalog.from.scan.CurrentPathScanner - [client:400205]scan file in current open file directory(C:/xampp/htdocs/Web_Denamique_TPs/Projet_Pharmcie/app/Views/login)
2024-11-28 18:16:48.342 [pool-3-thread-1] INFO  com.rs.mv.mvvs.client.catalog.from.scan.CurrentPathScanner - [client:400205]scan file in current open file directory(C:/xampp/htdocs/Web_Denamique_TPs/Projet_Pharmcie/app/Controllers)
2024-11-28 18:17:24.777 [pool-3-thread-1] INFO  com.rs.mv.mvvs.client.catalog.from.scan.CurrentPathScanner - [client:400205]scan file in current open file directory(C:/xampp/htdocs/Web_Denamique_TPs/Projet_Pharmcie/app/Views/login)
2024-11-28 18:19:40.919 [pool-3-thread-1] INFO  com.rs.mv.mvvs.client.catalog.from.scan.CurrentPathScanner - [client:400205]scan file in current open file directory(C:/xampp/htdocs/Web_Denamique_TPs/Projet_Pharmcie/app/Controllers)
2024-11-28 18:29:53.258 [pool-3-thread-1] INFO  com.rs.mv.mvvs.client.catalog.from.scan.CurrentPathScanner - [client:400205]scan file in current open file directory(C:/xampp/htdocs/Web_Denamique_TPs/Projet_Pharmcie/app/Controllers)
2024-11-28 18:29:59.791 [pool-3-thread-1] INFO  com.rs.mv.mvvs.client.catalog.from.scan.CurrentPathScanner - [client:400205]scan file in current open file directory(C:/xampp/htdocs/Web_Denamique_TPs/Projet_Pharmcie/app/Controllers)
2024-11-28 18:30:12.983 [pool-3-thread-1] INFO  com.rs.mv.mvvs.client.catalog.from.scan.CurrentPathScanner - [client:400205]scan file in current open file directory(C:/xampp/htdocs/Web_Denamique_TPs/Projet_Pharmcie/app/Controllers)
2024-11-28 18:30:17.325 [pool-3-thread-1] INFO  com.rs.mv.mvvs.client.catalog.from.scan.CurrentPathScanner - [client:400205]scan file in current open file directory(C:/xampp/htdocs/Web_Denamique_TPs/Projet_Pharmcie/app/Views/login)
2024-11-28 18:32:20.947 [pool-3-thread-1] INFO  com.rs.mv.mvvs.client.catalog.from.scan.CurrentPathScanner - [client:400205]scan file in current open file directory(C:/xampp/htdocs/Web_Denamique_TPs/Projet_Pharmcie/app/Controllers)
2024-11-28 18:32:23.478 [pool-3-thread-1] INFO  com.rs.mv.mvvs.client.catalog.from.scan.CurrentPathScanner - [client:400205]scan file in current open file directory(C:/xampp/htdocs/Web_Denamique_TPs/Projet_Pharmcie/app/Views/login)
2024-11-28 18:32:46.748 [pool-3-thread-1] INFO  com.rs.mv.mvvs.client.catalog.from.scan.CurrentPathScanner - [client:400205]scan file in current open file directory(C:/xampp/htdocs/Web_Denamique_TPs/Projet_Pharmcie/app/Controllers)
2024-11-28 18:39:51.270 [pool-3-thread-1] INFO  com.rs.mv.mvvs.client.catalog.from.scan.CurrentPathScanner - [client:400205]scan file in current open file directory(C:/xampp/htdocs/Web_Denamique_TPs/Projet_Pharmcie/app/Config)
2024-11-28 18:40:31.465 [pool-3-thread-1] INFO  com.rs.mv.mvvs.client.catalog.from.scan.CurrentPathScanner - [client:400205]scan file in current open file directory(C:/xampp/htdocs/Web_Denamique_TPs/Projet_Pharmcie/app/Filters)
2024-11-28 18:41:09.459 [pool-3-thread-1] INFO  com.rs.mv.mvvs.client.catalog.from.scan.CurrentPathScanner - [client:400205]scan file in current open file directory(C:/xampp/htdocs/Web_Denamique_TPs/Projet_Pharmcie/app/Filters)
2024-11-28 18:41:11.813 [pool-3-thread-1] INFO  com.rs.mv.mvvs.client.catalog.from.scan.CurrentPathScanner - [client:400205]scan file in current open file directory(C:/xampp/htdocs/Web_Denamique_TPs/Projet_Pharmcie/app/Filters)
2024-11-28 18:41:16.386 [pool-3-thread-1] INFO  com.rs.mv.mvvs.client.catalog.from.scan.CurrentPathScanner - [client:400205]scan file in current open file directory(C:/xampp/htdocs/Web_Denamique_TPs/Projet_Pharmcie/app/Filters)
2024-11-28 18:42:35.664 [pool-3-thread-1] INFO  com.rs.mv.mvvs.client.catalog.from.scan.CurrentPathScanner - [client:400205]scan file in current open file directory(C:/xampp/htdocs/Web_Denamique_TPs/Projet_Pharmcie/app/Filters)
2024-11-28 18:43:25.250 [pool-3-thread-1] INFO  com.rs.mv.mvvs.client.catalog.from.scan.CurrentPathScanner - [client:400205]scan file in current open file directory(C:/xampp/htdocs/Web_Denamique_TPs/Projet_Pharmcie/app/Filters)
2024-11-28 18:44:12.305 [pool-3-thread-1] INFO  com.rs.mv.mvvs.client.catalog.from.scan.CurrentPathScanner - [client:400205]scan file in current open file directory(C:/xampp/htdocs/Web_Denamique_TPs/Projet_Pharmcie/app/Config)
2024-11-28 18:46:07.035 [pool-3-thread-1] INFO  com.rs.mv.mvvs.client.catalog.from.scan.CurrentPathScanner - [client:400205]scan file in current open file directory(C:/xampp/htdocs/Web_Denamique_TPs/Projet_Pharmcie/app/Controllers)
2024-11-28 18:46:57.076 [pool-3-thread-1] INFO  com.rs.mv.mvvs.client.catalog.from.scan.CurrentPathScanner - [client:400205]scan file in current open file directory(C:/xampp/htdocs/Web_Denamique_TPs/Projet_Pharmcie/app/Config)
2024-11-28 19:46:53.965 [pool-3-thread-1] INFO  com.rs.mv.mvvs.client.catalog.from.scan.CurrentPathScanner - [client:400205]scan file in current open file directory(C:/xampp/htdocs/Web_Denamique_TPs/Projet_Pharmcie/app/Filters)
2024-11-28 19:46:57.220 [pool-3-thread-1] INFO  com.rs.mv.mvvs.client.catalog.from.scan.CurrentPathScanner - [client:400205]scan file in current open file directory(C:/xampp/htdocs/Web_Denamique_TPs/Projet_Pharmcie/app/Config)
2024-11-28 19:47:28.745 [pool-3-thread-1] INFO  com.rs.mv.mvvs.client.catalog.from.scan.CurrentPathScanner - [client:400205]scan file in current open file directory(C:/xampp/htdocs/Web_Denamique_TPs/Projet_Pharmcie/app/Controllers)
2024-11-28 19:47:29.788 [pool-3-thread-1] INFO  com.rs.mv.mvvs.client.catalog.from.scan.CurrentPathScanner - [client:400205]scan file in current open file directory(C:/xampp/htdocs/Web_Denamique_TPs/Projet_Pharmcie/app/Controllers)
2024-11-28 19:48:06.621 [pool-3-thread-1] INFO  com.rs.mv.mvvs.client.catalog.from.scan.CurrentPathScanner - [client:400205]scan file in current open file directory(C:/xampp/htdocs/Web_Denamique_TPs/Projet_Pharmcie/app/Config)
2024-11-28 19:48:18.663 [pool-3-thread-1] INFO  com.rs.mv.mvvs.client.catalog.from.scan.CurrentPathScanner - [client:400205]scan file in current open file directory(C:/xampp/htdocs/Web_Denamique_TPs/Projet_Pharmcie/app/Controllers)
2024-11-28 19:48:30.534 [pool-3-thread-1] INFO  com.rs.mv.mvvs.client.catalog.from.scan.CurrentPathScanner - [client:400205]scan file in current open file directory(C:/xampp/htdocs/Web_Denamique_TPs/Projet_Pharmcie/app/Config)
2024-11-28 19:51:35.820 [pool-3-thread-1] INFO  com.rs.mv.mvvs.client.catalog.from.scan.CurrentPathScanner - [client:400205]scan file in current open file directory(C:/xampp/htdocs/Web_Denamique_TPs/Projet_Pharmcie/app/Controllers)
