2024-12-06 00:00:34.909 [pool-3-thread-1] INFO  com.rs.mv.mvvs.client.catalog.from.scan.CurrentPathScanner - [client:400205]scan file in current open file directory(C:/xampp/htdocs/Web_Denamique_TPs/Projet_Pharmcie/app/Models)
2024-12-06 00:18:20.684 [pool-3-thread-1] INFO  com.rs.mv.mvvs.client.catalog.from.scan.CurrentPathScanner - [client:400205]scan file in current open file directory(C:/xampp/htdocs/Web_Denamique_TPs/Projet_Pharmcie/app/Controllers)
2024-12-06 00:18:23.150 [pool-3-thread-1] INFO  com.rs.mv.mvvs.client.catalog.from.scan.CurrentPathScanner - [client:400205]scan file in current open file directory(C:/xampp/htdocs/Web_Denamique_TPs/Projet_Pharmcie/app/Models)
2024-12-06 00:18:26.461 [pool-3-thread-1] INFO  com.rs.mv.mvvs.client.catalog.from.scan.CurrentPathScanner - [client:400205]scan file in current open file directory(C:/xampp/htdocs/Web_Denamique_TPs/Projet_Pharmcie/app/Controllers)
2024-12-06 00:24:18.481 [pool-3-thread-1] INFO  com.rs.mv.mvvs.client.catalog.from.scan.CurrentPathScanner - [client:400205]scan file in current open file directory(C:/xampp/htdocs/Web_Denamique_TPs/Projet_Pharmcie/app/Models)
2024-12-06 00:24:25.248 [pool-3-thread-1] INFO  com.rs.mv.mvvs.client.catalog.from.scan.CurrentPathScanner - [client:400205]scan file in current open file directory(C:/xampp/htdocs/Web_Denamique_TPs/Projet_Pharmcie/app/Controllers)
2024-12-06 00:28:56.278 [pool-3-thread-1] INFO  com.rs.mv.mvvs.client.catalog.from.scan.CurrentPathScanner - [client:400205]scan file in current open file directory(C:/xampp/htdocs/Web_Denamique_TPs/Projet_Pharmcie/app/Views/Ventes)
2024-12-06 00:30:40.682 [pool-3-thread-1] INFO  com.rs.mv.mvvs.client.catalog.from.scan.CurrentPathScanner - [client:400205]scan file in current open file directory(C:/xampp/htdocs/Web_Denamique_TPs/Projet_Pharmcie/app/Controllers)
2024-12-06 00:31:05.392 [pool-3-thread-1] INFO  com.rs.mv.mvvs.client.catalog.from.scan.CurrentPathScanner - [client:400205]scan file in current open file directory(C:/xampp/htdocs/Web_Denamique_TPs/Projet_Pharmcie/app/Models)
2024-12-06 00:37:21.387 [pool-3-thread-1] INFO  com.rs.mv.mvvs.client.catalog.from.scan.CurrentPathScanner - [client:400205]scan file in current open file directory(C:/xampp/htdocs/Web_Denamique_TPs/Projet_Pharmcie/app/Controllers)
2024-12-06 00:39:23.892 [pool-3-thread-1] INFO  com.rs.mv.mvvs.client.catalog.from.scan.CurrentPathScanner - [client:400205]scan file in current open file directory(C:/xampp/htdocs/Web_Denamique_TPs/Projet_Pharmcie/app/Models)
2024-12-06 00:41:51.965 [pool-3-thread-1] INFO  com.rs.mv.mvvs.client.catalog.from.scan.CurrentPathScanner - [client:400205]scan file in current open file directory(C:/xampp/htdocs/Web_Denamique_TPs/Projet_Pharmcie/app/Database/Migrations)
2024-12-06 00:41:54.944 [pool-3-thread-1] INFO  com.rs.mv.mvvs.client.catalog.from.scan.CurrentPathScanner - [client:400205]scan file in current open file directory(C:/xampp/htdocs/Web_Denamique_TPs/Projet_Pharmcie/app/Database/Migrations)
2024-12-06 00:42:06.715 [pool-3-thread-1] INFO  com.rs.mv.mvvs.client.catalog.from.scan.CurrentPathScanner - [client:400205]scan file in current open file directory(C:/xampp/htdocs/Web_Denamique_TPs/Projet_Pharmcie/app/Models)
2024-12-06 00:47:00.417 [pool-3-thread-1] INFO  com.rs.mv.mvvs.client.catalog.from.scan.CurrentPathScanner - [client:400205]scan file in current open file directory(C:/xampp/htdocs/Web_Denamique_TPs/Projet_Pharmcie/app/Database/Migrations)
2024-12-06 00:47:15.914 [pool-3-thread-1] INFO  com.rs.mv.mvvs.client.catalog.from.scan.CurrentPathScanner - [client:400205]scan file in current open file directory(C:/xampp/htdocs/Web_Denamique_TPs/Projet_Pharmcie/app/Database/Migrations)
2024-12-06 00:47:28.317 [pool-3-thread-1] INFO  com.rs.mv.mvvs.client.catalog.from.scan.CurrentPathScanner - [client:400205]scan file in current open file directory(C:/xampp/htdocs/Web_Denamique_TPs/Projet_Pharmcie/app/Database/Migrations)
2024-12-06 00:48:53.620 [pool-3-thread-1] INFO  com.rs.mv.mvvs.client.catalog.from.scan.CurrentPathScanner - [client:400205]scan file in current open file directory(C:/xampp/htdocs/Web_Denamique_TPs/Projet_Pharmcie/app/Models)
2024-12-06 00:51:34.028 [pool-3-thread-1] INFO  com.rs.mv.mvvs.client.catalog.from.scan.CurrentPathScanner - [client:400205]scan file in current open file directory(C:/xampp/htdocs/Web_Denamique_TPs/Projet_Pharmcie/app/Views/Ventes)
2024-12-06 00:51:36.670 [pool-3-thread-1] INFO  com.rs.mv.mvvs.client.catalog.from.scan.CurrentPathScanner - [client:400205]scan file in current open file directory(C:/xampp/htdocs/Web_Denamique_TPs/Projet_Pharmcie/app/Models)
2024-12-06 00:51:37.828 [pool-3-thread-1] INFO  com.rs.mv.mvvs.client.catalog.from.scan.CurrentPathScanner - [client:400205]scan file in current open file directory(C:/xampp/htdocs/Web_Denamique_TPs/Projet_Pharmcie/app/Controllers)
2024-12-06 00:52:42.320 [pool-3-thread-1] INFO  com.rs.mv.mvvs.client.catalog.from.scan.CurrentPathScanner - [client:400205]scan file in current open file directory(C:/xampp/htdocs/Web_Denamique_TPs/Projet_Pharmcie/app/Models)
2024-12-06 00:52:54.875 [pool-3-thread-1] INFO  com.rs.mv.mvvs.client.catalog.from.scan.CurrentPathScanner - [client:400205]scan file in current open file directory(C:/xampp/htdocs/Web_Denamique_TPs/Projet_Pharmcie/app/Views/Ventes)
2024-12-06 00:52:57.485 [pool-3-thread-1] INFO  com.rs.mv.mvvs.client.catalog.from.scan.CurrentPathScanner - [client:400205]scan file in current open file directory(C:/xampp/htdocs/Web_Denamique_TPs/Projet_Pharmcie/app/Controllers)
2024-12-06 00:54:05.568 [pool-3-thread-1] INFO  com.rs.mv.mvvs.client.catalog.from.scan.CurrentPathScanner - [client:400205]scan file in current open file directory(C:/xampp/htdocs/Web_Denamique_TPs/Projet_Pharmcie/app/Models)
2024-12-06 01:05:12.293 [pool-3-thread-1] INFO  com.rs.mv.mvvs.client.catalog.from.scan.CurrentPathScanner - [client:400205]scan file in current open file directory(C:/xampp/htdocs/Web_Denamique_TPs/Projet_Pharmcie/app/Controllers)
2024-12-06 01:28:54.879 [pool-3-thread-1] INFO  com.rs.mv.mvvs.client.catalog.from.scan.CurrentPathScanner - [client:400205]scan file in current open file directory(C:/xampp/htdocs/Web_Denamique_TPs/Projet_Pharmcie/app/Models)
2024-12-06 01:28:57.967 [pool-3-thread-1] INFO  com.rs.mv.mvvs.client.catalog.from.scan.CurrentPathScanner - [client:400205]scan file in current open file directory(C:/xampp/htdocs/Web_Denamique_TPs/Projet_Pharmcie/app/Views/Ventes)
2024-12-06 01:28:59.221 [pool-3-thread-1] INFO  com.rs.mv.mvvs.client.catalog.from.scan.CurrentPathScanner - [client:400205]scan file in current open file directory(C:/xampp/htdocs/Web_Denamique_TPs/Projet_Pharmcie/app/Views/Ventes)
2024-12-06 01:29:00.641 [pool-3-thread-1] INFO  com.rs.mv.mvvs.client.catalog.from.scan.CurrentPathScanner - [client:400205]scan file in current open file directory(C:/xampp/htdocs/Web_Denamique_TPs/Projet_Pharmcie/app/Views/Ventes)
2024-12-06 01:33:29.205 [pool-3-thread-1] INFO  com.rs.mv.mvvs.client.catalog.from.scan.CurrentPathScanner - [client:400205]scan file in current open file directory(C:/xampp/htdocs/Web_Denamique_TPs/Projet_Pharmcie/app/Controllers)
2024-12-06 01:36:22.686 [pool-3-thread-1] INFO  com.rs.mv.mvvs.client.catalog.from.scan.CurrentPathScanner - [client:400205]scan file in current open file directory(C:/xampp/htdocs/Web_Denamique_TPs/Projet_Pharmcie/app/Views/Ventes)
2024-12-06 01:36:34.389 [pool-3-thread-1] INFO  com.rs.mv.mvvs.client.catalog.from.scan.CurrentPathScanner - [client:400205]scan file in current open file directory(C:/xampp/htdocs/Web_Denamique_TPs/Projet_Pharmcie/app/Models)
2024-12-06 01:36:39.823 [pool-3-thread-1] INFO  com.rs.mv.mvvs.client.catalog.from.scan.CurrentPathScanner - [client:400205]scan file in current open file directory(C:/xampp/htdocs/Web_Denamique_TPs/Projet_Pharmcie/app/Controllers)
2024-12-06 01:42:55.460 [pool-3-thread-1] INFO  com.rs.mv.mvvs.client.catalog.from.scan.CurrentPathScanner - [client:400205]scan file in current open file directory(C:/xampp/htdocs/Web_Denamique_TPs/Projet_Pharmcie/app/Views/Ventes)
2024-12-06 01:44:31.685 [pool-3-thread-1] INFO  com.rs.mv.mvvs.client.catalog.from.scan.CurrentPathScanner - [client:400205]scan file in current open file directory(C:/xampp/htdocs/Web_Denamique_TPs/Projet_Pharmcie/app/Controllers)
2024-12-06 01:48:52.333 [pool-3-thread-1] INFO  com.rs.mv.mvvs.client.catalog.from.scan.CurrentPathScanner - [client:400205]scan file in current open file directory(C:/xampp/htdocs/Web_Denamique_TPs/Projet_Pharmcie/app/Controllers)
2024-12-06 01:49:26.769 [pool-3-thread-1] INFO  com.rs.mv.mvvs.client.catalog.from.scan.CurrentPathScanner - [client:400205]scan file in current open file directory(C:/xampp/htdocs/Web_Denamique_TPs/Projet_Pharmcie/app/Views/Medicaments)
2024-12-06 01:49:32.904 [pool-3-thread-1] INFO  com.rs.mv.mvvs.client.catalog.from.scan.CurrentPathScanner - [client:400205]scan file in current open file directory(C:/xampp/htdocs/Web_Denamique_TPs/Projet_Pharmcie/app/Controllers)
2024-12-06 01:51:59.580 [pool-3-thread-1] INFO  com.rs.mv.mvvs.client.catalog.from.scan.CurrentPathScanner - [client:400205]scan file in current open file directory(C:/xampp/htdocs/Web_Denamique_TPs/Projet_Pharmcie/app/Views/Ventes)
2024-12-06 01:52:03.118 [pool-3-thread-1] INFO  com.rs.mv.mvvs.client.catalog.from.scan.CurrentPathScanner - [client:400205]scan file in current open file directory(C:/xampp/htdocs/Web_Denamique_TPs/Projet_Pharmcie/app/Views/Ventes)
2024-12-06 01:52:33.502 [pool-3-thread-1] INFO  com.rs.mv.mvvs.client.catalog.from.scan.CurrentPathScanner - [client:400205]scan file in current open file directory(C:/xampp/htdocs/Web_Denamique_TPs/Projet_Pharmcie/app/Controllers)
2024-12-06 01:52:37.513 [pool-3-thread-1] INFO  com.rs.mv.mvvs.client.catalog.from.scan.CurrentPathScanner - [client:400205]scan file in current open file directory(C:/xampp/htdocs/Web_Denamique_TPs/Projet_Pharmcie/app/Views/Ventes)
2024-12-06 01:53:02.166 [pool-3-thread-1] INFO  com.rs.mv.mvvs.client.catalog.from.scan.CurrentPathScanner - [client:400205]scan file in current open file directory(C:/xampp/htdocs/Web_Denamique_TPs/Projet_Pharmcie/app/Models)
2024-12-06 01:53:03.376 [pool-3-thread-1] INFO  com.rs.mv.mvvs.client.catalog.from.scan.CurrentPathScanner - [client:400205]scan file in current open file directory(C:/xampp/htdocs/Web_Denamique_TPs/Projet_Pharmcie/app/Controllers)
2024-12-06 01:54:36.797 [pool-3-thread-1] INFO  com.rs.mv.mvvs.client.catalog.from.scan.CurrentPathScanner - [client:400205]scan file in current open file directory(C:/xampp/htdocs/Web_Denamique_TPs/Projet_Pharmcie/app/Models)
2024-12-06 01:54:38.746 [pool-3-thread-1] INFO  com.rs.mv.mvvs.client.catalog.from.scan.CurrentPathScanner - [client:400205]scan file in current open file directory(C:/xampp/htdocs/Web_Denamique_TPs/Projet_Pharmcie/app/Views/Ventes)
2024-12-06 01:56:46.572 [pool-3-thread-1] INFO  com.rs.mv.mvvs.client.catalog.from.scan.CurrentPathScanner - [client:400205]scan file in current open file directory(C:/xampp/htdocs/Web_Denamique_TPs/Projet_Pharmcie/app/Models)
2024-12-06 01:56:48.555 [pool-3-thread-1] INFO  com.rs.mv.mvvs.client.catalog.from.scan.CurrentPathScanner - [client:400205]scan file in current open file directory(C:/xampp/htdocs/Web_Denamique_TPs/Projet_Pharmcie/app/Controllers)
2024-12-06 01:57:30.494 [pool-3-thread-1] INFO  com.rs.mv.mvvs.client.catalog.from.scan.CurrentPathScanner - [client:400205]scan file in current open file directory(C:/xampp/htdocs/Web_Denamique_TPs/Projet_Pharmcie/app/Views/Ventes)
2024-12-06 01:58:19.541 [pool-3-thread-1] INFO  com.rs.mv.mvvs.client.catalog.from.scan.CurrentPathScanner - [client:400205]scan file in current open file directory(C:/xampp/htdocs/Web_Denamique_TPs/Projet_Pharmcie/app/Views/Ventes)
2024-12-06 01:58:24.669 [pool-3-thread-1] INFO  com.rs.mv.mvvs.client.catalog.from.scan.CurrentPathScanner - [client:400205]scan file in current open file directory(C:/xampp/htdocs/Web_Denamique_TPs/Projet_Pharmcie/app/Views/Ventes)
2024-12-06 01:58:34.974 [pool-3-thread-1] INFO  com.rs.mv.mvvs.client.catalog.from.scan.CurrentPathScanner - [client:400205]scan file in current open file directory(C:/xampp/htdocs/Web_Denamique_TPs/Projet_Pharmcie/app/Views/Ventes)
2024-12-06 01:59:37.245 [pool-3-thread-1] INFO  com.rs.mv.mvvs.client.catalog.from.scan.CurrentPathScanner - [client:400205]scan file in current open file directory(C:/xampp/htdocs/Web_Denamique_TPs/Projet_Pharmcie/app/Controllers)
2024-12-06 02:01:12.971 [pool-3-thread-1] INFO  com.rs.mv.mvvs.client.catalog.from.scan.CurrentPathScanner - [client:400205]scan file in current open file directory(C:/xampp/htdocs/Web_Denamique_TPs/Projet_Pharmcie/app/Views/Ventes)
2024-12-06 02:01:16.092 [pool-3-thread-1] INFO  com.rs.mv.mvvs.client.catalog.from.scan.CurrentPathScanner - [client:400205]scan file in current open file directory(C:/xampp/htdocs/Web_Denamique_TPs/Projet_Pharmcie/app/Controllers)
2024-12-06 02:01:17.958 [pool-3-thread-1] INFO  com.rs.mv.mvvs.client.catalog.from.scan.CurrentPathScanner - [client:400205]scan file in current open file directory(C:/xampp/htdocs/Web_Denamique_TPs/Projet_Pharmcie/app/Views/Ventes)
2024-12-06 02:02:46.796 [pool-3-thread-1] INFO  com.rs.mv.mvvs.client.catalog.from.scan.CurrentPathScanner - [client:400205]scan file in current open file directory(C:/xampp/htdocs/Web_Denamique_TPs/Projet_Pharmcie/app/Views/Ventes)
2024-12-06 02:02:57.400 [pool-3-thread-1] INFO  com.rs.mv.mvvs.client.catalog.from.scan.CurrentPathScanner - [client:400205]scan file in current open file directory(C:/xampp/htdocs/Web_Denamique_TPs/Projet_Pharmcie/app/Views/Ventes)
2024-12-06 02:03:02.749 [pool-3-thread-1] INFO  com.rs.mv.mvvs.client.catalog.from.scan.CurrentPathScanner - [client:400205]scan file in current open file directory(C:/xampp/htdocs/Web_Denamique_TPs/Projet_Pharmcie/app/Views/Ventes)
2024-12-06 02:03:09.323 [pool-3-thread-1] INFO  com.rs.mv.mvvs.client.catalog.from.scan.CurrentPathScanner - [client:400205]scan file in current open file directory(C:/xampp/htdocs/Web_Denamique_TPs/Projet_Pharmcie/app/Views/Ventes)
2024-12-06 02:03:36.844 [pool-3-thread-1] INFO  com.rs.mv.mvvs.client.catalog.from.scan.CurrentPathScanner - [client:400205]scan file in current open file directory(C:/xampp/htdocs/Web_Denamique_TPs/Projet_Pharmcie/app/Views/Ventes)
2024-12-06 02:03:41.809 [pool-3-thread-1] INFO  com.rs.mv.mvvs.client.catalog.from.scan.CurrentPathScanner - [client:400205]scan file in current open file directory(C:/xampp/htdocs/Web_Denamique_TPs/Projet_Pharmcie/app/Views/Ventes)
2024-12-06 02:04:57.142 [pool-3-thread-1] INFO  com.rs.mv.mvvs.client.catalog.from.scan.CurrentPathScanner - [client:400205]scan file in current open file directory(C:/xampp/htdocs/Web_Denamique_TPs/Projet_Pharmcie/app/Models)
2024-12-06 02:04:59.665 [pool-3-thread-1] INFO  com.rs.mv.mvvs.client.catalog.from.scan.CurrentPathScanner - [client:400205]scan file in current open file directory(C:/xampp/htdocs/Web_Denamique_TPs/Projet_Pharmcie/app/Views/Ventes)
2024-12-06 02:05:01.983 [pool-3-thread-1] INFO  com.rs.mv.mvvs.client.catalog.from.scan.CurrentPathScanner - [client:400205]scan file in current open file directory(C:/xampp/htdocs/Web_Denamique_TPs/Projet_Pharmcie/app/Controllers)
2024-12-06 02:06:26.220 [pool-3-thread-1] INFO  com.rs.mv.mvvs.client.catalog.from.scan.CurrentPathScanner - [client:400205]scan file in current open file directory(C:/xampp/htdocs/Web_Denamique_TPs/Projet_Pharmcie/app/Models)
2024-12-06 02:06:32.129 [pool-3-thread-1] INFO  com.rs.mv.mvvs.client.catalog.from.scan.CurrentPathScanner - [client:400205]scan file in current open file directory(C:/xampp/htdocs/Web_Denamique_TPs/Projet_Pharmcie/app/Views/Ventes)
2024-12-06 02:06:36.323 [pool-3-thread-1] INFO  com.rs.mv.mvvs.client.catalog.from.scan.CurrentPathScanner - [client:400205]scan file in current open file directory(C:/xampp/htdocs/Web_Denamique_TPs/Projet_Pharmcie/app/Controllers)
2024-12-06 13:16:32.702 [pool-3-thread-1] INFO  com.rs.mv.mvvs.client.catalog.from.scan.CurrentPathScanner - [client:400205]scan file in current open file directory(C:/xampp/htdocs/Web_Denamique_TPs/Projet_Pharmcie/app/Models)
2024-12-06 13:16:36.370 [pool-3-thread-1] INFO  com.rs.mv.mvvs.client.catalog.from.scan.CurrentPathScanner - [client:400205]scan file in current open file directory(C:/xampp/htdocs/Web_Denamique_TPs/Projet_Pharmcie/app/Views/Ventes)
2024-12-06 13:16:48.027 [pool-3-thread-1] INFO  com.rs.mv.mvvs.client.catalog.from.scan.CurrentPathScanner - [client:400205]scan file in current open file directory(C:/xampp/htdocs/Web_Denamique_TPs/Projet_Pharmcie/app/Views/Ventes)
2024-12-06 13:16:49.926 [pool-3-thread-1] INFO  com.rs.mv.mvvs.client.catalog.from.scan.CurrentPathScanner - [client:400205]scan file in current open file directory(C:/xampp/htdocs/Web_Denamique_TPs/Projet_Pharmcie/app/Models)
2024-12-06 13:16:51.981 [pool-3-thread-1] INFO  com.rs.mv.mvvs.client.catalog.from.scan.CurrentPathScanner - [client:400205]scan file in current open file directory(C:/xampp/htdocs/Web_Denamique_TPs/Projet_Pharmcie/app/Controllers)
2024-12-06 13:17:39.751 [pool-3-thread-1] INFO  com.rs.mv.mvvs.client.catalog.from.scan.CurrentPathScanner - [client:400205]scan file in current open file directory(C:/xampp/htdocs/Web_Denamique_TPs/Projet_Pharmcie/app/Models)
2024-12-06 13:17:42.246 [pool-3-thread-1] INFO  com.rs.mv.mvvs.client.catalog.from.scan.CurrentPathScanner - [client:400205]scan file in current open file directory(C:/xampp/htdocs/Web_Denamique_TPs/Projet_Pharmcie/app/Controllers)
2024-12-06 13:17:50.021 [pool-3-thread-1] INFO  com.rs.mv.mvvs.client.catalog.from.scan.CurrentPathScanner - [client:400205]scan file in current open file directory(C:/xampp/htdocs/Web_Denamique_TPs/Projet_Pharmcie/app/Models)
2024-12-06 13:18:04.251 [pool-3-thread-1] INFO  com.rs.mv.mvvs.client.catalog.from.scan.CurrentPathScanner - [client:400205]scan file in current open file directory(C:/xampp/htdocs/Web_Denamique_TPs/Projet_Pharmcie/app/Views/Ventes)
2024-12-06 13:22:55.692 [pool-3-thread-1] INFO  com.rs.mv.mvvs.client.catalog.from.scan.CurrentPathScanner - [client:400205]scan file in current open file directory(C:/xampp/htdocs/Web_Denamique_TPs/Projet_Pharmcie/app/Controllers)
2024-12-06 13:23:07.835 [pool-3-thread-1] INFO  com.rs.mv.mvvs.client.catalog.from.scan.CurrentPathScanner - [client:400205]scan file in current open file directory(C:/xampp/htdocs/Web_Denamique_TPs/Projet_Pharmcie/app/Models)
2024-12-06 13:23:11.412 [pool-3-thread-1] INFO  com.rs.mv.mvvs.client.catalog.from.scan.CurrentPathScanner - [client:400205]scan file in current open file directory(C:/xampp/htdocs/Web_Denamique_TPs/Projet_Pharmcie/app/Views/Ventes)
2024-12-06 13:23:16.105 [pool-3-thread-1] INFO  com.rs.mv.mvvs.client.catalog.from.scan.CurrentPathScanner - [client:400205]scan file in current open file directory(C:/xampp/htdocs/Web_Denamique_TPs/Projet_Pharmcie/app/Views/Ventes)
2024-12-06 13:23:31.797 [pool-3-thread-1] INFO  com.rs.mv.mvvs.client.catalog.from.scan.CurrentPathScanner - [client:400205]scan file in current open file directory(C:/xampp/htdocs/Web_Denamique_TPs/Projet_Pharmcie/app/Models)
2024-12-06 13:23:33.027 [pool-3-thread-1] INFO  com.rs.mv.mvvs.client.catalog.from.scan.CurrentPathScanner - [client:400205]scan file in current open file directory(C:/xampp/htdocs/Web_Denamique_TPs/Projet_Pharmcie/app/Controllers)
2024-12-06 13:24:41.420 [pool-3-thread-1] INFO  com.rs.mv.mvvs.client.catalog.from.scan.CurrentPathScanner - [client:400205]scan file in current open file directory(C:/xampp/htdocs/Web_Denamique_TPs/Projet_Pharmcie/app/Views/Ventes)
2024-12-06 13:25:39.607 [pool-3-thread-1] INFO  com.rs.mv.mvvs.client.catalog.from.scan.CurrentPathScanner - [client:400205]scan file in current open file directory(C:/xampp/htdocs/Web_Denamique_TPs/Projet_Pharmcie/app/Controllers)
2024-12-06 13:25:44.572 [pool-3-thread-1] INFO  com.rs.mv.mvvs.client.catalog.from.scan.CurrentPathScanner - [client:400205]scan file in current open file directory(C:/xampp/htdocs/Web_Denamique_TPs/Projet_Pharmcie/app/Models)
2024-12-06 13:25:46.621 [pool-3-thread-1] INFO  com.rs.mv.mvvs.client.catalog.from.scan.CurrentPathScanner - [client:400205]scan file in current open file directory(C:/xampp/htdocs/Web_Denamique_TPs/Projet_Pharmcie/app/Controllers)
2024-12-06 13:26:56.417 [pool-3-thread-1] INFO  com.rs.mv.mvvs.client.catalog.from.scan.CurrentPathScanner - [client:400205]scan file in current open file directory(C:/xampp/htdocs/Web_Denamique_TPs/Projet_Pharmcie/app/Models)
2024-12-06 13:27:00.304 [pool-3-thread-1] INFO  com.rs.mv.mvvs.client.catalog.from.scan.CurrentPathScanner - [client:400205]scan file in current open file directory(C:/xampp/htdocs/Web_Denamique_TPs/Projet_Pharmcie/app/Views/Ventes)
2024-12-06 13:27:29.537 [pool-3-thread-1] INFO  com.rs.mv.mvvs.client.catalog.from.scan.CurrentPathScanner - [client:400205]scan file in current open file directory(C:/xampp/htdocs/Web_Denamique_TPs/Projet_Pharmcie/app/Controllers)
2024-12-06 13:28:46.967 [pool-3-thread-1] INFO  com.rs.mv.mvvs.client.catalog.from.scan.CurrentPathScanner - [client:400205]scan file in current open file directory(C:/xampp/htdocs/Web_Denamique_TPs/Projet_Pharmcie/app/Views/Ventes)
2024-12-06 13:31:19.492 [pool-3-thread-1] INFO  com.rs.mv.mvvs.client.catalog.from.scan.CurrentPathScanner - [client:400205]scan file in current open file directory(C:/xampp/htdocs/Web_Denamique_TPs/Projet_Pharmcie/app/Controllers)
2024-12-06 13:32:11.033 [pool-3-thread-1] INFO  com.rs.mv.mvvs.client.catalog.from.scan.CurrentPathScanner - [client:400205]scan file in current open file directory(C:/xampp/htdocs/Web_Denamique_TPs/Projet_Pharmcie/app/Views/Ventes)
2024-12-06 14:33:04.994 [pool-3-thread-1] INFO  com.rs.mv.mvvs.client.catalog.from.scan.CurrentPathScanner - [client:400205]scan file in current open file directory(C:/xampp/htdocs/Web_Denamique_TPs/Projet_Pharmcie/app/Views/Ventes)
2024-12-06 17:05:34.188 [pool-3-thread-1] INFO  com.rs.mv.mvvs.client.catalog.from.scan.CurrentPathScanner - [client:400205]scan file in current open file directory(C:/xampp/htdocs/Web_Denamique_TPs/Projet_Pharmcie/app/Views/Ventes)
2024-12-06 17:05:53.165 [pool-3-thread-1] INFO  com.rs.mv.mvvs.client.catalog.from.scan.CurrentPathScanner - [client:400205]scan file in current open file directory(C:/xampp/htdocs/Web_Denamique_TPs/Projet_Pharmcie/app/Views/Ventes)
2024-12-06 17:06:59.117 [pool-3-thread-1] INFO  com.rs.mv.mvvs.client.catalog.from.scan.CurrentPathScanner - [client:400205]scan file in current open file directory(C:/xampp/htdocs/Web_Denamique_TPs/Projet_Pharmcie/app/Views/Ventes)
2024-12-06 17:07:18.290 [pool-3-thread-1] INFO  com.rs.mv.mvvs.client.catalog.from.scan.CurrentPathScanner - [client:400205]scan file in current open file directory(C:/xampp/htdocs/Web_Denamique_TPs/Projet_Pharmcie/app/Views/Ventes)
2024-12-06 17:07:21.457 [pool-3-thread-1] INFO  com.rs.mv.mvvs.client.catalog.from.scan.CurrentPathScanner - [client:400205]scan file in current open file directory(C:/xampp/htdocs/Web_Denamique_TPs/Projet_Pharmcie/app/Views/Ventes)
2024-12-06 17:07:23.882 [pool-3-thread-1] INFO  com.rs.mv.mvvs.client.catalog.from.scan.CurrentPathScanner - [client:400205]scan file in current open file directory(C:/xampp/htdocs/Web_Denamique_TPs/Projet_Pharmcie/app/Views/Ventes)
2024-12-06 17:07:30.174 [pool-3-thread-1] INFO  com.rs.mv.mvvs.client.catalog.from.scan.CurrentPathScanner - [client:400205]scan file in current open file directory(C:/xampp/htdocs/Web_Denamique_TPs/Projet_Pharmcie/app/Views/Ventes)
2024-12-06 17:07:43.722 [pool-3-thread-1] INFO  com.rs.mv.mvvs.client.catalog.from.scan.CurrentPathScanner - [client:400205]scan file in current open file directory(C:/xampp/htdocs/Web_Denamique_TPs/Projet_Pharmcie/app/Views/Ventes)
2024-12-06 17:07:48.631 [pool-3-thread-1] INFO  com.rs.mv.mvvs.client.catalog.from.scan.CurrentPathScanner - [client:400205]scan file in current open file directory(C:/xampp/htdocs/Web_Denamique_TPs/Projet_Pharmcie/app/Views/Ventes)
2024-12-06 17:07:50.702 [pool-3-thread-1] INFO  com.rs.mv.mvvs.client.catalog.from.scan.CurrentPathScanner - [client:400205]scan file in current open file directory(C:/xampp/htdocs/Web_Denamique_TPs/Projet_Pharmcie/app/Views/Ventes)
2024-12-06 17:10:05.894 [pool-3-thread-1] INFO  com.rs.mv.mvvs.client.catalog.from.scan.CurrentPathScanner - [client:400205]scan file in current open file directory(C:/xampp/htdocs/Web_Denamique_TPs/Projet_Pharmcie/app/Views/Ventes)
2024-12-06 17:10:20.510 [pool-3-thread-1] INFO  com.rs.mv.mvvs.client.catalog.from.scan.CurrentPathScanner - [client:400205]scan file in current open file directory(C:/xampp/htdocs/Web_Denamique_TPs/Projet_Pharmcie/app/Views/Ventes)
2024-12-06 17:17:38.932 [pool-3-thread-1] INFO  com.rs.mv.mvvs.client.catalog.from.scan.CurrentPathScanner - [client:400205]scan file in current open file directory(C:/xampp/htdocs/Web_Denamique_TPs/Projet_Pharmcie/app/Views/Ventes)
2024-12-06 17:32:46.360 [pool-3-thread-1] INFO  com.rs.mv.mvvs.client.catalog.from.scan.CurrentPathScanner - [client:400205]scan file in current open file directory(C:/xampp/htdocs/Web_Denamique_TPs/Projet_Pharmcie/app/Controllers)
2024-12-06 17:36:10.653 [pool-3-thread-1] INFO  com.rs.mv.mvvs.client.catalog.from.scan.CurrentPathScanner - [client:400205]scan file in current open file directory(C:/xampp/htdocs/Web_Denamique_TPs/Projet_Pharmcie/app/Views/Ventes)
2024-12-06 17:36:14.162 [pool-3-thread-1] INFO  com.rs.mv.mvvs.client.catalog.from.scan.CurrentPathScanner - [client:400205]scan file in current open file directory(C:/xampp/htdocs/Web_Denamique_TPs/Projet_Pharmcie/app/Controllers)
2024-12-06 19:14:14.987 [pool-3-thread-1] INFO  com.rs.mv.mvvs.client.catalog.from.scan.CurrentPathScanner - [client:400205]scan file in current open file directory(C:/xampp/htdocs/Web_Denamique_TPs/Projet_Pharmcie)
2024-12-06 19:16:23.890 [pool-3-thread-1] INFO  com.rs.mv.mvvs.client.catalog.from.scan.CurrentPathScanner - [client:400205]scan file in current open file directory(C:/xampp/htdocs/Web_Denamique_TPs/Projet_Pharmcie/app/Controllers)
2024-12-06 19:20:04.856 [pool-3-thread-1] INFO  com.rs.mv.mvvs.client.catalog.from.scan.CurrentPathScanner - [client:400205]scan file in current open file directory(C:/xampp/htdocs/Web_Denamique_TPs/Projet_Pharmcie/app/Views/Ventes)
2024-12-06 19:33:34.238 [pool-3-thread-1] INFO  com.rs.mv.mvvs.client.catalog.from.scan.CurrentPathScanner - [client:400205]scan file in current open file directory(C:/xampp/htdocs/Web_Denamique_TPs/Projet_Pharmcie/app/Views/Ventes)
2024-12-06 19:35:15.219 [pool-3-thread-1] INFO  com.rs.mv.mvvs.client.catalog.from.scan.CurrentPathScanner - [client:400205]scan file in current open file directory(C:/xampp/htdocs/Web_Denamique_TPs/Projet_Pharmcie/app/Controllers)
2024-12-06 19:35:16.858 [pool-3-thread-1] INFO  com.rs.mv.mvvs.client.catalog.from.scan.CurrentPathScanner - [client:400205]scan file in current open file directory(C:/xampp/htdocs/Web_Denamique_TPs/Projet_Pharmcie/app/Views/Ventes)
2024-12-06 19:35:21.706 [pool-3-thread-1] INFO  com.rs.mv.mvvs.client.catalog.from.scan.CurrentPathScanner - [client:400205]scan file in current open file directory(C:/xampp/htdocs/Web_Denamique_TPs/Projet_Pharmcie/app/Controllers)
2024-12-06 19:36:21.702 [pool-3-thread-1] INFO  com.rs.mv.mvvs.client.catalog.from.scan.CurrentPathScanner - [client:400205]scan file in current open file directory(C:/xampp/htdocs/Web_Denamique_TPs/Projet_Pharmcie/app/Views/Ventes)
2024-12-06 19:36:25.484 [pool-3-thread-1] INFO  com.rs.mv.mvvs.client.catalog.from.scan.CurrentPathScanner - [client:400205]scan file in current open file directory(C:/xampp/htdocs/Web_Denamique_TPs/Projet_Pharmcie/app/Views/Ventes)
2024-12-06 19:36:28.624 [pool-3-thread-1] INFO  com.rs.mv.mvvs.client.catalog.from.scan.CurrentPathScanner - [client:400205]scan file in current open file directory(C:/xampp/htdocs/Web_Denamique_TPs/Projet_Pharmcie/app/Controllers)
2024-12-06 19:53:45.515 [pool-3-thread-1] INFO  com.rs.mv.mvvs.client.catalog.from.scan.CurrentPathScanner - [client:400205]scan file in current open file directory(C:/xampp/htdocs/Web_Denamique_TPs/Projet_Pharmcie/app/Views/Ventes)
2024-12-06 19:53:48.178 [pool-3-thread-1] INFO  com.rs.mv.mvvs.client.catalog.from.scan.CurrentPathScanner - [client:400205]scan file in current open file directory(C:/xampp/htdocs/Web_Denamique_TPs/Projet_Pharmcie/app/Controllers)
2024-12-06 20:07:58.770 [pool-3-thread-1] INFO  com.rs.mv.mvvs.client.catalog.from.scan.CurrentPathScanner - [client:400205]scan file in current open file directory(C:/xampp/htdocs/Web_Denamique_TPs/Projet_Pharmcie/vendor/bin)
2024-12-06 20:10:06.344 [pool-3-thread-1] INFO  com.rs.mv.mvvs.client.catalog.from.scan.CurrentPathScanner - [client:400205]scan file in current open file directory(C:/xampp/htdocs/Web_Denamique_TPs/Projet_Pharmcie/app/Config)
