2024-11-23 00:01:38.380 [pool-3-thread-1] INFO  com.rs.mv.mvvs.client.catalog.from.scan.CurrentPathScanner - [client:400205]scan file in current open file directory(C:/xampp/htdocs/Web_Denamique_TPs/Projet_Pharmcie/app/Controllers)
2024-11-23 00:04:31.782 [pool-3-thread-1] INFO  com.rs.mv.mvvs.client.catalog.from.scan.CurrentPathScanner - [client:400205]scan file in current open file directory(C:/xampp/htdocs/Web_Denamique_TPs/Projet_Pharmcie/app/Controllers)
2024-11-23 00:04:36.652 [pool-3-thread-1] INFO  com.rs.mv.mvvs.client.catalog.from.scan.CurrentPathScanner - [client:400205]scan file in current open file directory(C:/xampp/htdocs/Web_Denamique_TPs/Projet_Pharmcie/app/Controllers)
2024-11-23 00:06:37.295 [pool-3-thread-1] INFO  com.rs.mv.mvvs.client.catalog.from.scan.CurrentPathScanner - [client:400205]scan file in current open file directory(C:/xampp/htdocs/Web_Denamique_TPs/Projet_Pharmcie/app/Controllers)
2024-11-23 00:06:43.430 [pool-3-thread-1] INFO  com.rs.mv.mvvs.client.catalog.from.scan.CurrentPathScanner - [client:400205]scan file in current open file directory(C:/xampp/htdocs/Web_Denamique_TPs/Projet_Pharmcie/app/Controllers)
2024-11-23 00:06:50.659 [pool-3-thread-1] INFO  com.rs.mv.mvvs.client.catalog.from.scan.CurrentPathScanner - [client:400205]scan file in current open file directory(C:/xampp/htdocs/Web_Denamique_TPs/Projet_Pharmcie/app/Controllers)
2024-11-23 00:06:52.091 [pool-3-thread-1] INFO  com.rs.mv.mvvs.client.catalog.from.scan.CurrentPathScanner - [client:400205]scan file in current open file directory(C:/xampp/htdocs/Web_Denamique_TPs/Projet_Pharmcie/app/Controllers)
2024-11-23 00:07:59.218 [pool-3-thread-1] INFO  com.rs.mv.mvvs.client.catalog.from.scan.CurrentPathScanner - [client:400205]scan file in current open file directory(C:/xampp/htdocs/Web_Denamique_TPs/Projet_Pharmcie/app/Controllers)
2024-11-23 00:08:04.750 [pool-3-thread-1] INFO  com.rs.mv.mvvs.client.catalog.from.scan.CurrentPathScanner - [client:400205]scan file in current open file directory(C:/xampp/htdocs/Web_Denamique_TPs/Projet_Pharmcie/app/Controllers)
2024-11-23 00:11:25.667 [pool-3-thread-1] INFO  com.rs.mv.mvvs.client.catalog.from.scan.CurrentPathScanner - [client:400205]scan file in current open file directory(C:/xampp/htdocs/Web_Denamique_TPs/Projet_Pharmcie/app/Controllers)
2024-11-23 00:11:50.365 [pool-3-thread-1] INFO  com.rs.mv.mvvs.client.catalog.from.scan.CurrentPathScanner - [client:400205]scan file in current open file directory(C:/xampp/htdocs/Web_Denamique_TPs/Projet_Pharmcie/app/Controllers)
2024-11-23 00:11:55.708 [pool-3-thread-1] INFO  com.rs.mv.mvvs.client.catalog.from.scan.CurrentPathScanner - [client:400205]scan file in current open file directory(C:/xampp/htdocs/Web_Denamique_TPs/Projet_Pharmcie/app/Controllers)
2024-11-23 00:13:32.782 [pool-3-thread-1] INFO  com.rs.mv.mvvs.client.catalog.from.scan.CurrentPathScanner - [client:400205]scan file in current open file directory(C:/xampp/htdocs/Web_Denamique_TPs/Projet_Pharmcie/app/Controllers)
2024-11-23 00:35:00.141 [pool-3-thread-1] INFO  com.rs.mv.mvvs.client.catalog.from.scan.CurrentPathScanner - [client:400205]scan file in current open file directory(C:/xampp/htdocs/Web_Denamique_TPs/Projet_Pharmcie/app/Filters)
2024-11-23 00:36:13.020 [pool-3-thread-1] INFO  com.rs.mv.mvvs.client.catalog.from.scan.CurrentPathScanner - [client:400205]scan file in current open file directory(C:/xampp/htdocs/Web_Denamique_TPs/Projet_Pharmcie/app/Controllers)
2024-11-23 00:36:16.845 [pool-3-thread-1] INFO  com.rs.mv.mvvs.client.catalog.from.scan.CurrentPathScanner - [client:400205]scan file in current open file directory(C:/xampp/htdocs/Web_Denamique_TPs/Projet_Pharmcie/app/Controllers)
2024-11-23 00:36:30.189 [pool-3-thread-1] INFO  com.rs.mv.mvvs.client.catalog.from.scan.CurrentPathScanner - [client:400205]scan file in current open file directory(C:/xampp/htdocs/Web_Denamique_TPs/Projet_Pharmcie/app/Filters)
2024-11-23 00:39:07.453 [pool-3-thread-1] INFO  com.rs.mv.mvvs.client.catalog.from.scan.CurrentPathScanner - [client:400205]scan file in current open file directory(C:/xampp/htdocs/Web_Denamique_TPs/Projet_Pharmcie/app/Config)
2024-11-23 00:42:33.694 [pool-3-thread-1] INFO  com.rs.mv.mvvs.client.catalog.from.scan.CurrentPathScanner - [client:400205]scan file in current open file directory(C:/xampp/htdocs/Web_Denamique_TPs/Projet_Pharmcie/app/Filters)
2024-11-23 00:42:40.254 [pool-3-thread-1] INFO  com.rs.mv.mvvs.client.catalog.from.scan.CurrentPathScanner - [client:400205]scan file in current open file directory(C:/xampp/htdocs/Web_Denamique_TPs/Projet_Pharmcie/app/Config)
2024-11-23 00:48:11.436 [pool-3-thread-1] INFO  com.rs.mv.mvvs.client.catalog.from.scan.CurrentPathScanner - [client:400205]scan file in current open file directory(C:/xampp/htdocs/Web_Denamique_TPs/Projet_Pharmcie/app/Controllers)
2024-11-23 00:48:15.085 [pool-3-thread-1] INFO  com.rs.mv.mvvs.client.catalog.from.scan.CurrentPathScanner - [client:400205]scan file in current open file directory(C:/xampp/htdocs/Web_Denamique_TPs/Projet_Pharmcie/app/Controllers)
2024-11-23 00:49:17.561 [pool-3-thread-1] INFO  com.rs.mv.mvvs.client.catalog.from.scan.CurrentPathScanner - [client:400205]scan file in current open file directory(C:/xampp/htdocs/Web_Denamique_TPs/Projet_Pharmcie/app/Config)
2024-11-23 00:50:21.013 [pool-3-thread-1] INFO  com.rs.mv.mvvs.client.catalog.from.scan.CurrentPathScanner - [client:400205]scan file in current open file directory(C:/xampp/htdocs/Web_Denamique_TPs/Projet_Pharmcie/app/Filters)
2024-11-23 00:51:06.619 [pool-3-thread-1] INFO  com.rs.mv.mvvs.client.catalog.from.scan.CurrentPathScanner - [client:400205]scan file in current open file directory(C:/xampp/htdocs/Web_Denamique_TPs/Projet_Pharmcie/app/Controllers)
2024-11-23 00:51:23.724 [pool-3-thread-1] INFO  com.rs.mv.mvvs.client.catalog.from.scan.CurrentPathScanner - [client:400205]scan file in current open file directory(C:/xampp/htdocs/Web_Denamique_TPs/Projet_Pharmcie/app/Filters)
2024-11-23 01:18:08.456 [pool-3-thread-1] INFO  com.rs.mv.mvvs.client.catalog.from.scan.CurrentPathScanner - [client:400205]scan file in current open file directory(C:/xampp/htdocs/Web_Denamique_TPs/Projet_Pharmcie/app/Controllers)
2024-11-23 01:18:30.279 [pool-3-thread-1] INFO  com.rs.mv.mvvs.client.catalog.from.scan.CurrentPathScanner - [client:400205]scan file in current open file directory(C:/xampp/htdocs/Web_Denamique_TPs/Projet_Pharmcie/app/Filters)
2024-11-23 01:18:35.572 [pool-3-thread-1] INFO  com.rs.mv.mvvs.client.catalog.from.scan.CurrentPathScanner - [client:400205]scan file in current open file directory(C:/xampp/htdocs/Web_Denamique_TPs/Projet_Pharmcie/app/Config)
2024-11-23 01:20:27.312 [pool-3-thread-1] INFO  com.rs.mv.mvvs.client.catalog.from.scan.CurrentPathScanner - [client:400205]scan file in current open file directory(C:/xampp/htdocs/Web_Denamique_TPs/Projet_Pharmcie/app/Controllers)
2024-11-23 01:27:15.495 [pool-3-thread-1] INFO  com.rs.mv.mvvs.client.catalog.from.scan.CurrentPathScanner - [client:400205]scan file in current open file directory(C:/xampp/htdocs/Web_Denamique_TPs/Projet_Pharmcie/app/Config)
2024-11-23 13:57:39.259 [pool-3-thread-1] INFO  com.rs.mv.mvvs.client.catalog.from.scan.CurrentPathScanner - [client:400205]scan file in current open file directory(C:/xampp/htdocs/Web_Denamique_TPs/Projet_Pharmcie/app/Controllers)
2024-11-23 13:57:47.007 [pool-3-thread-1] INFO  com.rs.mv.mvvs.client.catalog.from.scan.CurrentPathScanner - [client:400205]scan file in current open file directory(C:/xampp/htdocs/Web_Denamique_TPs/Projet_Pharmcie/app/Controllers)
2024-11-23 13:57:50.118 [pool-3-thread-1] INFO  com.rs.mv.mvvs.client.catalog.from.scan.CurrentPathScanner - [client:400205]scan file in current open file directory(C:/xampp/htdocs/Web_Denamique_TPs/Projet_Pharmcie/app/Views/Layouts)
2024-11-23 13:57:51.679 [pool-3-thread-1] INFO  com.rs.mv.mvvs.client.catalog.from.scan.CurrentPathScanner - [client:400205]scan file in current open file directory(C:/xampp/htdocs/Web_Denamique_TPs/Projet_Pharmcie/app/Controllers)
2024-11-23 14:00:14.553 [pool-3-thread-1] INFO  com.rs.mv.mvvs.client.catalog.from.scan.CurrentPathScanner - [client:400205]scan file in current open file directory(C:/xampp/htdocs/Web_Denamique_TPs/Projet_Pharmcie/app/Views/Layouts)
2024-11-23 14:00:21.766 [pool-3-thread-1] INFO  com.rs.mv.mvvs.client.catalog.from.scan.CurrentPathScanner - [client:400205]scan file in current open file directory(C:/xampp/htdocs/Web_Denamique_TPs/Projet_Pharmcie/app/Controllers)
2024-11-23 14:00:28.089 [pool-3-thread-1] INFO  com.rs.mv.mvvs.client.catalog.from.scan.CurrentPathScanner - [client:400205]scan file in current open file directory(C:/xampp/htdocs/Web_Denamique_TPs/Projet_Pharmcie/app/Views)
2024-11-23 14:00:43.003 [pool-3-thread-1] INFO  com.rs.mv.mvvs.client.catalog.from.scan.CurrentPathScanner - [client:400205]scan file in current open file directory(C:/xampp/htdocs/Web_Denamique_TPs/Projet_Pharmcie/app/Controllers)
2024-11-23 14:00:48.402 [pool-3-thread-1] INFO  com.rs.mv.mvvs.client.catalog.from.scan.CurrentPathScanner - [client:400205]scan file in current open file directory(C:/xampp/htdocs/Web_Denamique_TPs/Projet_Pharmcie/app/Controllers)
2024-11-23 14:01:07.782 [pool-3-thread-1] INFO  com.rs.mv.mvvs.client.catalog.from.scan.CurrentPathScanner - [client:400205]scan file in current open file directory(C:/xampp/htdocs/Web_Denamique_TPs/Projet_Pharmcie/app/Controllers)
2024-11-23 14:02:33.652 [pool-3-thread-1] INFO  com.rs.mv.mvvs.client.catalog.from.scan.CurrentPathScanner - [client:400205]scan file in current open file directory(C:/xampp/htdocs/Web_Denamique_TPs/Projet_Pharmcie/app/Views)
2024-11-23 14:04:46.715 [pool-3-thread-1] INFO  com.rs.mv.mvvs.client.catalog.from.scan.CurrentPathScanner - [client:400205]scan file in current open file directory(C:/xampp/htdocs/Web_Denamique_TPs/Projet_Pharmcie/app/Controllers)
2024-11-23 14:04:53.218 [pool-3-thread-1] INFO  com.rs.mv.mvvs.client.catalog.from.scan.CurrentPathScanner - [client:400205]scan file in current open file directory(C:/xampp/htdocs/Web_Denamique_TPs/Projet_Pharmcie/app/Controllers)
2024-11-23 14:04:54.496 [pool-3-thread-1] INFO  com.rs.mv.mvvs.client.catalog.from.scan.CurrentPathScanner - [client:400205]scan file in current open file directory(C:/xampp/htdocs/Web_Denamique_TPs/Projet_Pharmcie/app/Views)
2024-11-23 14:05:25.897 [pool-3-thread-1] INFO  com.rs.mv.mvvs.client.catalog.from.scan.CurrentPathScanner - [client:400205]scan file in current open file directory(C:/xampp/htdocs/Web_Denamique_TPs/Projet_Pharmcie/app/Views/Layouts)
2024-11-23 14:05:34.331 [pool-3-thread-1] INFO  com.rs.mv.mvvs.client.catalog.from.scan.CurrentPathScanner - [client:400205]scan file in current open file directory(C:/xampp/htdocs/Web_Denamique_TPs/Projet_Pharmcie/app/Controllers)
2024-11-23 14:12:11.501 [pool-3-thread-1] INFO  com.rs.mv.mvvs.client.catalog.from.scan.CurrentPathScanner - [client:400205]scan file in current open file directory(C:/xampp/htdocs/Web_Denamique_TPs/Projet_Pharmcie/app/Controllers)
2024-11-23 14:12:23.912 [pool-3-thread-1] INFO  com.rs.mv.mvvs.client.catalog.from.scan.CurrentPathScanner - [client:400205]scan file in current open file directory(C:/xampp/htdocs/Web_Denamique_TPs/Projet_Pharmcie/app/Controllers)
2024-11-23 14:49:00.410 [pool-3-thread-1] INFO  com.rs.mv.mvvs.client.catalog.from.scan.CurrentPathScanner - [client:400205]scan file in current open file directory(C:/xampp/htdocs/Web_Denamique_TPs/Projet_Pharmcie/app/Controllers)
2024-11-23 14:50:16.540 [pool-3-thread-1] INFO  com.rs.mv.mvvs.client.catalog.from.scan.CurrentPathScanner - [client:400205]scan file in current open file directory(C:/xampp/htdocs/Web_Denamique_TPs/Projet_Pharmcie/app/Controllers)
2024-11-23 14:50:21.249 [pool-3-thread-1] INFO  com.rs.mv.mvvs.client.catalog.from.scan.CurrentPathScanner - [client:400205]scan file in current open file directory(C:/xampp/htdocs/Web_Denamique_TPs/Projet_Pharmcie/app/Controllers)
2024-11-23 14:51:58.496 [pool-3-thread-1] INFO  com.rs.mv.mvvs.client.catalog.from.scan.CurrentPathScanner - [client:400205]scan file in current open file directory(C:/xampp/htdocs/Web_Denamique_TPs/Projet_Pharmcie/app/Views)
2024-11-23 14:52:47.572 [pool-3-thread-1] INFO  com.rs.mv.mvvs.client.catalog.from.scan.CurrentPathScanner - [client:400205]scan file in current open file directory(C:/xampp/htdocs/Web_Denamique_TPs/Projet_Pharmcie/app/Controllers)
2024-11-23 14:52:50.435 [pool-3-thread-1] INFO  com.rs.mv.mvvs.client.catalog.from.scan.CurrentPathScanner - [client:400205]scan file in current open file directory(C:/xampp/htdocs/Web_Denamique_TPs/Projet_Pharmcie/app/Views)
2024-11-23 16:13:06.263 [pool-3-thread-1] INFO  com.rs.mv.mvvs.client.catalog.from.scan.CurrentPathScanner - [client:400205]scan file in current open file directory(C:/xampp/htdocs/Web_Denamique_TPs/Projet_Pharmcie/app/Controllers)
2024-11-23 16:13:06.668 [pool-3-thread-1] INFO  com.rs.mv.mvvs.client.catalog.from.scan.CurrentPathScanner - [client:400205]scan file in current open file directory(C:/xampp/htdocs/Web_Denamique_TPs/Projet_Pharmcie/app/Controllers)
2024-11-23 16:14:03.834 [pool-3-thread-1] INFO  com.rs.mv.mvvs.client.catalog.from.scan.CurrentPathScanner - [client:400205]scan file in current open file directory(C:/xampp/htdocs/Web_Denamique_TPs/Projet_Pharmcie/app/Views)
2024-11-23 16:23:08.768 [pool-3-thread-1] INFO  com.rs.mv.mvvs.client.catalog.from.scan.CurrentPathScanner - [client:400205]scan file in current open file directory(C:/xampp/htdocs/Web_Denamique_TPs/Projet_Pharmcie/app/Controllers)
2024-11-23 16:23:14.660 [pool-3-thread-1] INFO  com.rs.mv.mvvs.client.catalog.from.scan.CurrentPathScanner - [client:400205]scan file in current open file directory(C:/xampp/htdocs/Web_Denamique_TPs/Projet_Pharmcie/app/Views)
2024-11-23 16:23:17.887 [pool-3-thread-1] INFO  com.rs.mv.mvvs.client.catalog.from.scan.CurrentPathScanner - [client:400205]scan file in current open file directory(C:/xampp/htdocs/Web_Denamique_TPs/Projet_Pharmcie/app/Controllers)
2024-11-23 16:23:20.990 [pool-3-thread-1] INFO  com.rs.mv.mvvs.client.catalog.from.scan.CurrentPathScanner - [client:400205]scan file in current open file directory(C:/xampp/htdocs/Web_Denamique_TPs/Projet_Pharmcie/app/Controllers)
2024-11-23 16:25:02.910 [pool-3-thread-1] INFO  com.rs.mv.mvvs.client.catalog.from.scan.CurrentPathScanner - [client:400205]scan file in current open file directory(C:/xampp/htdocs/Web_Denamique_TPs/Projet_Pharmcie/app/Views)
2024-11-23 16:30:15.748 [pool-3-thread-1] INFO  com.rs.mv.mvvs.client.catalog.from.scan.CurrentPathScanner - [client:400205]scan file in current open file directory(C:/xampp/htdocs/Web_Denamique_TPs/Projet_Pharmcie/app/Controllers)
2024-11-23 16:31:41.811 [pool-3-thread-1] INFO  com.rs.mv.mvvs.client.catalog.from.scan.CurrentPathScanner - [client:400205]scan file in current open file directory(C:/xampp/htdocs/Web_Denamique_TPs/Projet_Pharmcie/app/Views/login)
2024-11-23 16:33:07.217 [pool-3-thread-1] INFO  com.rs.mv.mvvs.client.catalog.from.scan.CurrentPathScanner - [client:400205]scan file in current open file directory(C:/xampp/htdocs/Web_Denamique_TPs/Projet_Pharmcie/app/Controllers)
2024-11-23 16:33:18.543 [pool-3-thread-1] INFO  com.rs.mv.mvvs.client.catalog.from.scan.CurrentPathScanner - [client:400205]scan file in current open file directory(C:/xampp/htdocs/Web_Denamique_TPs/Projet_Pharmcie/app/Views/login)
2024-11-23 16:34:14.968 [pool-3-thread-1] INFO  com.rs.mv.mvvs.client.catalog.from.scan.CurrentPathScanner - [client:400205]scan file in current open file directory(C:/xampp/htdocs/Web_Denamique_TPs/Projet_Pharmcie/app/Controllers)
2024-11-23 16:34:52.410 [pool-3-thread-1] INFO  com.rs.mv.mvvs.client.catalog.from.scan.CurrentPathScanner - [client:400205]scan file in current open file directory(C:/xampp/htdocs/Web_Denamique_TPs/Projet_Pharmcie/app/Views/login)
2024-11-23 16:36:03.013 [pool-3-thread-1] INFO  com.rs.mv.mvvs.client.catalog.from.scan.CurrentPathScanner - [client:400205]scan file in current open file directory(C:/xampp/htdocs/Web_Denamique_TPs/Projet_Pharmcie/app/Views/login)
2024-11-23 16:36:05.786 [pool-3-thread-1] INFO  com.rs.mv.mvvs.client.catalog.from.scan.CurrentPathScanner - [client:400205]scan file in current open file directory(C:/xampp/htdocs/Web_Denamique_TPs/Projet_Pharmcie/app/Views/login)
2024-11-23 16:38:52.179 [pool-3-thread-1] INFO  com.rs.mv.mvvs.client.catalog.from.scan.CurrentPathScanner - [client:400205]scan file in current open file directory(C:/xampp/htdocs/Web_Denamique_TPs/Projet_Pharmcie/app/Views/login)
2024-11-23 16:39:33.807 [pool-3-thread-1] INFO  com.rs.mv.mvvs.client.catalog.from.scan.CurrentPathScanner - [client:400205]scan file in current open file directory(C:/xampp/htdocs/Web_Denamique_TPs/Projet_Pharmcie/app/Views/login)
2024-11-23 16:41:11.499 [pool-3-thread-1] INFO  com.rs.mv.mvvs.client.catalog.from.scan.CurrentPathScanner - [client:400205]scan file in current open file directory(C:/xampp/htdocs/Web_Denamique_TPs/Projet_Pharmcie/app/Controllers)
2024-11-23 17:28:11.117 [pool-3-thread-1] INFO  com.rs.mv.mvvs.client.catalog.from.scan.CurrentPathScanner - [client:400205]scan file in current open file directory(C:/xampp/htdocs/Web_Denamique_TPs/Projet_Pharmcie/app/Views/login)
2024-11-23 17:29:06.743 [pool-3-thread-1] INFO  com.rs.mv.mvvs.client.catalog.from.scan.CurrentPathScanner - [client:400205]scan file in current open file directory(C:/xampp/htdocs/Web_Denamique_TPs/Projet_Pharmcie/app/Controllers)
2024-11-23 17:29:09.816 [pool-3-thread-1] INFO  com.rs.mv.mvvs.client.catalog.from.scan.CurrentPathScanner - [client:400205]scan file in current open file directory(C:/xampp/htdocs/Web_Denamique_TPs/Projet_Pharmcie/app/Views/login)
2024-11-23 17:29:11.315 [pool-3-thread-1] INFO  com.rs.mv.mvvs.client.catalog.from.scan.CurrentPathScanner - [client:400205]scan file in current open file directory(C:/xampp/htdocs/Web_Denamique_TPs/Projet_Pharmcie/app/Views/login)
2024-11-23 17:31:12.496 [pool-3-thread-1] INFO  com.rs.mv.mvvs.client.catalog.from.scan.CurrentPathScanner - [client:400205]scan file in current open file directory(C:/xampp/htdocs/Web_Denamique_TPs/Projet_Pharmcie/app/Views/login)
2024-11-23 17:31:15.429 [pool-3-thread-1] INFO  com.rs.mv.mvvs.client.catalog.from.scan.CurrentPathScanner - [client:400205]scan file in current open file directory(C:/xampp/htdocs/Web_Denamique_TPs/Projet_Pharmcie/app/Controllers)
2024-11-23 17:31:24.495 [pool-3-thread-1] INFO  com.rs.mv.mvvs.client.catalog.from.scan.CurrentPathScanner - [client:400205]scan file in current open file directory(C:/xampp/htdocs/Web_Denamique_TPs/Projet_Pharmcie/app/Views/login)
2024-11-23 17:35:09.041 [pool-3-thread-1] INFO  com.rs.mv.mvvs.client.catalog.from.scan.CurrentPathScanner - [client:400205]scan file in current open file directory(C:/xampp/htdocs/Web_Denamique_TPs/Projet_Pharmcie/app/Controllers)
2024-11-23 17:41:47.384 [pool-3-thread-1] INFO  com.rs.mv.mvvs.client.catalog.from.scan.CurrentPathScanner - [client:400205]scan file in current open file directory(C:/xampp/htdocs/Web_Denamique_TPs/Projet_Pharmcie/app/Controllers)
2024-11-23 17:42:12.192 [pool-3-thread-1] INFO  com.rs.mv.mvvs.client.catalog.from.scan.CurrentPathScanner - [client:400205]scan file in current open file directory(C:/xampp/htdocs/Web_Denamique_TPs/Projet_Pharmcie/app/Models)
2024-11-23 17:42:15.800 [pool-3-thread-1] INFO  com.rs.mv.mvvs.client.catalog.from.scan.CurrentPathScanner - [client:400205]scan file in current open file directory(C:/xampp/htdocs/Web_Denamique_TPs/Projet_Pharmcie/app/Controllers)
2024-11-23 17:42:51.850 [pool-3-thread-1] INFO  com.rs.mv.mvvs.client.catalog.from.scan.CurrentPathScanner - [client:400205]scan file in current open file directory(C:/xampp/htdocs/Web_Denamique_TPs/Projet_Pharmcie/app/Views/login)
2024-11-23 17:42:53.182 [pool-3-thread-1] INFO  com.rs.mv.mvvs.client.catalog.from.scan.CurrentPathScanner - [client:400205]scan file in current open file directory(C:/xampp/htdocs/Web_Denamique_TPs/Projet_Pharmcie/app/Controllers)
2024-11-23 20:55:17.641 [pool-3-thread-1] INFO  com.rs.mv.mvvs.client.catalog.from.scan.CurrentPathScanner - [client:400205]scan file in current open file directory(C:/xampp/htdocs/Web_Denamique_TPs/Projet_Pharmcie/app/Views/login)
2024-11-23 20:55:26.070 [pool-3-thread-1] INFO  com.rs.mv.mvvs.client.catalog.from.scan.CurrentPathScanner - [client:400205]scan file in current open file directory(C:/xampp/htdocs/Web_Denamique_TPs/Projet_Pharmcie/app/Views/Medicaments)
2024-11-23 20:56:03.619 [pool-3-thread-1] INFO  com.rs.mv.mvvs.client.catalog.from.scan.CurrentPathScanner - [client:400205]scan file in current open file directory(C:/xampp/htdocs/Web_Denamique_TPs/Projet_Pharmcie/app/Views/login)
2024-11-23 20:56:08.394 [pool-3-thread-1] INFO  com.rs.mv.mvvs.client.catalog.from.scan.CurrentPathScanner - [client:400205]scan file in current open file directory(C:/xampp/htdocs/Web_Denamique_TPs/Projet_Pharmcie/app/Views/login)
2024-11-23 20:56:16.456 [pool-3-thread-1] INFO  com.rs.mv.mvvs.client.catalog.from.scan.CurrentPathScanner - [client:400205]scan file in current open file directory(C:/xampp/htdocs/Web_Denamique_TPs/Projet_Pharmcie/app/Views/Medicaments)
2024-11-23 20:56:51.619 [pool-3-thread-1] INFO  com.rs.mv.mvvs.client.catalog.from.scan.CurrentPathScanner - [client:400205]scan file in current open file directory(C:/xampp/htdocs/Web_Denamique_TPs/Projet_Pharmcie/app/Views/login)
2024-11-23 21:00:05.761 [pool-3-thread-1] INFO  com.rs.mv.mvvs.client.catalog.from.scan.CurrentPathScanner - [client:400205]scan file in current open file directory(C:/xampp/htdocs/Web_Denamique_TPs/Projet_Pharmcie/app/Controllers)
2024-11-23 21:01:02.700 [pool-3-thread-1] INFO  com.rs.mv.mvvs.client.catalog.from.scan.CurrentPathScanner - [client:400205]scan file in current open file directory(C:/xampp/htdocs/Web_Denamique_TPs/Projet_Pharmcie/app/Views/login)
2024-11-23 21:01:14.052 [pool-3-thread-1] INFO  com.rs.mv.mvvs.client.catalog.from.scan.CurrentPathScanner - [client:400205]scan file in current open file directory(C:/xampp/htdocs/Web_Denamique_TPs/Projet_Pharmcie/app/Controllers)
2024-11-23 21:01:22.426 [pool-3-thread-1] INFO  com.rs.mv.mvvs.client.catalog.from.scan.CurrentPathScanner - [client:400205]scan file in current open file directory(C:/xampp/htdocs/Web_Denamique_TPs/Projet_Pharmcie/app/Views/login)
2024-11-23 21:01:25.456 [pool-3-thread-1] INFO  com.rs.mv.mvvs.client.catalog.from.scan.CurrentPathScanner - [client:400205]scan file in current open file directory(C:/xampp/htdocs/Web_Denamique_TPs/Projet_Pharmcie/app/Controllers)
2024-11-23 21:04:39.642 [pool-3-thread-1] INFO  com.rs.mv.mvvs.client.catalog.from.scan.CurrentPathScanner - [client:400205]scan file in current open file directory(C:/xampp/htdocs/Web_Denamique_TPs/Projet_Pharmcie/app/Views/login)
2024-11-23 21:04:49.697 [pool-3-thread-1] INFO  com.rs.mv.mvvs.client.catalog.from.scan.CurrentPathScanner - [client:400205]scan file in current open file directory(C:/xampp/htdocs/Web_Denamique_TPs/Projet_Pharmcie/app/Views/Medicaments)
2024-11-23 21:04:49.984 [pool-3-thread-1] INFO  com.rs.mv.mvvs.client.catalog.from.scan.CurrentPathScanner - [client:400205]scan file in current open file directory(C:/xampp/htdocs/Web_Denamique_TPs/Projet_Pharmcie/app/Views/login)
2024-11-23 21:05:00.132 [pool-3-thread-1] INFO  com.rs.mv.mvvs.client.catalog.from.scan.CurrentPathScanner - [client:400205]scan file in current open file directory(C:/xampp/htdocs/Web_Denamique_TPs/Projet_Pharmcie/app/Controllers)
2024-11-23 21:05:04.641 [pool-3-thread-1] INFO  com.rs.mv.mvvs.client.catalog.from.scan.CurrentPathScanner - [client:400205]scan file in current open file directory(C:/xampp/htdocs/Web_Denamique_TPs/Projet_Pharmcie/app/Views/login)
2024-11-23 21:06:15.651 [pool-3-thread-1] INFO  com.rs.mv.mvvs.client.catalog.from.scan.CurrentPathScanner - [client:400205]scan file in current open file directory(C:/xampp/htdocs/Web_Denamique_TPs/Projet_Pharmcie/app/Config)
2024-11-23 21:06:57.911 [pool-3-thread-1] INFO  com.rs.mv.mvvs.client.catalog.from.scan.CurrentPathScanner - [client:400205]scan file in current open file directory(C:/xampp/htdocs/Web_Denamique_TPs/Projet_Pharmcie/app/Config)
2024-11-23 21:08:34.198 [pool-3-thread-1] INFO  com.rs.mv.mvvs.client.catalog.from.scan.CurrentPathScanner - [client:400205]scan file in current open file directory(C:/xampp/htdocs/Web_Denamique_TPs/Projet_Pharmcie/app/Views/login)
2024-11-23 21:10:00.049 [pool-3-thread-1] INFO  com.rs.mv.mvvs.client.catalog.from.scan.CurrentPathScanner - [client:400205]scan file in current open file directory(C:/xampp/htdocs/Web_Denamique_TPs/Projet_Pharmcie/app/Controllers)
2024-11-23 21:10:28.954 [pool-3-thread-1] INFO  com.rs.mv.mvvs.client.catalog.from.scan.CurrentPathScanner - [client:400205]scan file in current open file directory(C:/xampp/htdocs/Web_Denamique_TPs/Projet_Pharmcie/app/Config)
2024-11-23 21:10:53.653 [pool-3-thread-1] INFO  com.rs.mv.mvvs.client.catalog.from.scan.CurrentPathScanner - [client:400205]scan file in current open file directory(C:/xampp/htdocs/Web_Denamique_TPs/Projet_Pharmcie/app/Controllers)
2024-11-23 21:10:54.449 [pool-3-thread-1] INFO  com.rs.mv.mvvs.client.catalog.from.scan.CurrentPathScanner - [client:400205]scan file in current open file directory(C:/xampp/htdocs/Web_Denamique_TPs/Projet_Pharmcie/app/Views/login)
2024-11-23 21:11:05.499 [pool-3-thread-1] INFO  com.rs.mv.mvvs.client.catalog.from.scan.CurrentPathScanner - [client:400205]scan file in current open file directory(C:/xampp/htdocs/Web_Denamique_TPs/Projet_Pharmcie/app/Controllers)
2024-11-23 21:12:39.594 [pool-3-thread-1] INFO  com.rs.mv.mvvs.client.catalog.from.scan.CurrentPathScanner - [client:400205]scan file in current open file directory(C:/xampp/htdocs/Web_Denamique_TPs/Projet_Pharmcie/app/Views/login)
2024-11-23 21:13:07.508 [pool-3-thread-1] INFO  com.rs.mv.mvvs.client.catalog.from.scan.CurrentPathScanner - [client:400205]scan file in current open file directory(C:/xampp/htdocs/Web_Denamique_TPs/Projet_Pharmcie/app/Controllers)
2024-11-23 21:13:39.420 [pool-3-thread-1] INFO  com.rs.mv.mvvs.client.catalog.from.scan.CurrentPathScanner - [client:400205]scan file in current open file directory(C:/xampp/htdocs/Web_Denamique_TPs/Projet_Pharmcie/app/Models)
2024-11-23 21:13:44.304 [pool-3-thread-1] INFO  com.rs.mv.mvvs.client.catalog.from.scan.CurrentPathScanner - [client:400205]scan file in current open file directory(C:/xampp/htdocs/Web_Denamique_TPs/Projet_Pharmcie/app/Controllers)
2024-11-23 21:45:18.031 [pool-3-thread-1] INFO  com.rs.mv.mvvs.client.catalog.from.scan.CurrentPathScanner - [client:400205]scan file in current open file directory(C:/xampp/htdocs/Web_Denamique_TPs/Projet_Pharmcie/app/Controllers)
2024-11-23 21:46:08.159 [pool-3-thread-1] INFO  com.rs.mv.mvvs.client.catalog.from.scan.CurrentPathScanner - [client:400205]scan file in current open file directory(C:/xampp/htdocs/Web_Denamique_TPs/Projet_Pharmcie/app/Controllers)
2024-11-23 21:46:47.591 [pool-3-thread-1] INFO  com.rs.mv.mvvs.client.catalog.from.scan.CurrentPathScanner - [client:400205]scan file in current open file directory(C:/xampp/htdocs/Web_Denamique_TPs/Projet_Pharmcie/app/Views/login)
2024-11-23 21:48:05.733 [pool-3-thread-1] INFO  com.rs.mv.mvvs.client.catalog.from.scan.CurrentPathScanner - [client:400205]scan file in current open file directory(C:/xampp/htdocs/Web_Denamique_TPs/Projet_Pharmcie/app/Controllers)
2024-11-23 21:50:42.033 [pool-3-thread-1] INFO  com.rs.mv.mvvs.client.catalog.from.scan.CurrentPathScanner - [client:400205]scan file in current open file directory(C:/xampp/htdocs/Web_Denamique_TPs/Projet_Pharmcie/app/Config)
2024-11-23 21:51:22.743 [pool-3-thread-1] INFO  com.rs.mv.mvvs.client.catalog.from.scan.CurrentPathScanner - [client:400205]scan file in current open file directory(C:/xampp/htdocs/Web_Denamique_TPs/Projet_Pharmcie/app/Config)
2024-11-23 21:52:43.956 [pool-3-thread-1] INFO  com.rs.mv.mvvs.client.catalog.from.scan.CurrentPathScanner - [client:400205]scan file in current open file directory(C:/xampp/htdocs/Web_Denamique_TPs/Projet_Pharmcie/app/Views/login)
2024-11-23 21:56:17.248 [pool-3-thread-1] INFO  com.rs.mv.mvvs.client.catalog.from.scan.CurrentPathScanner - [client:400205]scan file in current open file directory(C:/xampp/htdocs/Web_Denamique_TPs/Projet_Pharmcie/app/Controllers)
2024-11-23 21:56:30.550 [pool-3-thread-1] INFO  com.rs.mv.mvvs.client.catalog.from.scan.CurrentPathScanner - [client:400205]scan file in current open file directory(C:/xampp/htdocs/Web_Denamique_TPs/Projet_Pharmcie/app/Controllers)
2024-11-23 21:57:30.560 [pool-3-thread-1] INFO  com.rs.mv.mvvs.client.catalog.from.scan.CurrentPathScanner - [client:400205]scan file in current open file directory(C:/xampp/htdocs/Web_Denamique_TPs/Projet_Pharmcie/app/Controllers)
2024-11-23 21:58:23.079 [pool-3-thread-1] INFO  com.rs.mv.mvvs.client.catalog.from.scan.CurrentPathScanner - [client:400205]scan file in current open file directory(C:/xampp/htdocs/Web_Denamique_TPs/Projet_Pharmcie/app/Views/login)
2024-11-23 21:58:27.674 [pool-3-thread-1] INFO  com.rs.mv.mvvs.client.catalog.from.scan.CurrentPathScanner - [client:400205]scan file in current open file directory(C:/xampp/htdocs/Web_Denamique_TPs/Projet_Pharmcie/app/Controllers)
2024-11-23 21:58:41.479 [pool-3-thread-1] INFO  com.rs.mv.mvvs.client.catalog.from.scan.CurrentPathScanner - [client:400205]scan file in current open file directory(C:/xampp/htdocs/Web_Denamique_TPs/Projet_Pharmcie/app/Views/login)
2024-11-23 21:58:53.496 [pool-3-thread-1] INFO  com.rs.mv.mvvs.client.catalog.from.scan.CurrentPathScanner - [client:400205]scan file in current open file directory(C:/xampp/htdocs/Web_Denamique_TPs/Projet_Pharmcie/app/Controllers)
2024-11-23 22:00:47.927 [pool-3-thread-1] INFO  com.rs.mv.mvvs.client.catalog.from.scan.CurrentPathScanner - [client:400205]scan file in current open file directory(C:/xampp/htdocs/Web_Denamique_TPs/Projet_Pharmcie/app/Controllers)
2024-11-23 22:07:57.753 [pool-3-thread-1] INFO  com.rs.mv.mvvs.client.catalog.from.scan.CurrentPathScanner - [client:400205]scan file in current open file directory(C:/xampp/htdocs/Web_Denamique_TPs/Projet_Pharmcie/app/Controllers)
2024-11-23 22:08:15.543 [pool-3-thread-1] INFO  com.rs.mv.mvvs.client.catalog.from.scan.CurrentPathScanner - [client:400205]scan file in current open file directory(C:/xampp/htdocs/Web_Denamique_TPs/Projet_Pharmcie/app/Controllers)
2024-11-23 22:10:53.580 [pool-3-thread-1] INFO  com.rs.mv.mvvs.client.catalog.from.scan.CurrentPathScanner - [client:400205]scan file in current open file directory(C:/xampp/htdocs/Web_Denamique_TPs/Projet_Pharmcie/app/Views/login)
2024-11-23 22:11:01.150 [pool-3-thread-1] INFO  com.rs.mv.mvvs.client.catalog.from.scan.CurrentPathScanner - [client:400205]scan file in current open file directory(C:/xampp/htdocs/Web_Denamique_TPs/Projet_Pharmcie/app/Controllers)
2024-11-23 22:13:31.130 [pool-3-thread-1] INFO  com.rs.mv.mvvs.client.catalog.from.scan.CurrentPathScanner - [client:400205]scan file in current open file directory(C:/xampp/htdocs/Web_Denamique_TPs/Projet_Pharmcie/app/Views/login)
2024-11-23 22:13:39.024 [pool-3-thread-1] INFO  com.rs.mv.mvvs.client.catalog.from.scan.CurrentPathScanner - [client:400205]scan file in current open file directory(C:/xampp/htdocs/Web_Denamique_TPs/Projet_Pharmcie/app/Views/login)
2024-11-23 22:17:32.745 [pool-3-thread-1] INFO  com.rs.mv.mvvs.client.catalog.from.scan.CurrentPathScanner - [client:400205]scan file in current open file directory(C:/xampp/htdocs/Web_Denamique_TPs/Projet_Pharmcie/app/Controllers)
2024-11-23 22:17:37.461 [pool-3-thread-1] INFO  com.rs.mv.mvvs.client.catalog.from.scan.CurrentPathScanner - [client:400205]scan file in current open file directory(C:/xampp/htdocs/Web_Denamique_TPs/Projet_Pharmcie/app/Views/login)
2024-11-23 22:17:40.015 [pool-3-thread-1] INFO  com.rs.mv.mvvs.client.catalog.from.scan.CurrentPathScanner - [client:400205]scan file in current open file directory(C:/xampp/htdocs/Web_Denamique_TPs/Projet_Pharmcie/app/Controllers)
2024-11-23 22:19:16.595 [pool-3-thread-1] INFO  com.rs.mv.mvvs.client.catalog.from.scan.CurrentPathScanner - [client:400205]scan file in current open file directory(C:/xampp/htdocs/Web_Denamique_TPs/Projet_Pharmcie/app/Views/login)
2024-11-23 22:19:48.558 [pool-3-thread-1] INFO  com.rs.mv.mvvs.client.catalog.from.scan.CurrentPathScanner - [client:400205]scan file in current open file directory(C:/xampp/htdocs/Web_Denamique_TPs/Projet_Pharmcie/app/Config)
2024-11-23 22:20:20.951 [pool-3-thread-1] INFO  com.rs.mv.mvvs.client.catalog.from.scan.CurrentPathScanner - [client:400205]scan file in current open file directory(C:/xampp/htdocs/Web_Denamique_TPs/Projet_Pharmcie/app/Views/login)
2024-11-23 22:20:57.549 [pool-3-thread-1] INFO  com.rs.mv.mvvs.client.catalog.from.scan.CurrentPathScanner - [client:400205]scan file in current open file directory(C:/xampp/htdocs/Web_Denamique_TPs/Projet_Pharmcie/app/Views/login)
2024-11-23 22:23:33.168 [pool-3-thread-1] INFO  com.rs.mv.mvvs.client.catalog.from.scan.CurrentPathScanner - [client:400205]scan file in current open file directory(C:/xampp/htdocs/Web_Denamique_TPs/Projet_Pharmcie/app/Controllers)
2024-11-23 22:26:57.193 [pool-3-thread-1] INFO  com.rs.mv.mvvs.client.catalog.from.scan.CurrentPathScanner - [client:400205]scan file in current open file directory(C:/xampp/htdocs/Web_Denamique_TPs/Projet_Pharmcie/app/Views/login)
2024-11-23 22:27:55.984 [pool-3-thread-1] INFO  com.rs.mv.mvvs.client.catalog.from.scan.CurrentPathScanner - [client:400205]scan file in current open file directory(C:/xampp/htdocs/Web_Denamique_TPs/Projet_Pharmcie/app/Views/login)
2024-11-23 22:28:06.371 [pool-3-thread-1] INFO  com.rs.mv.mvvs.client.catalog.from.scan.CurrentPathScanner - [client:400205]scan file in current open file directory(C:/xampp/htdocs/Web_Denamique_TPs/Projet_Pharmcie/app/Views/login)
2024-11-23 22:29:38.413 [pool-3-thread-1] INFO  com.rs.mv.mvvs.client.catalog.from.scan.CurrentPathScanner - [client:400205]scan file in current open file directory(C:/xampp/htdocs/Web_Denamique_TPs/Projet_Pharmcie/app/Controllers)
2024-11-23 22:31:29.702 [pool-3-thread-1] INFO  com.rs.mv.mvvs.client.catalog.from.scan.CurrentPathScanner - [client:400205]scan file in current open file directory(C:/xampp/htdocs/Web_Denamique_TPs/Projet_Pharmcie/app/Views/login)
2024-11-23 22:31:50.324 [pool-3-thread-1] INFO  com.rs.mv.mvvs.client.catalog.from.scan.CurrentPathScanner - [client:400205]scan file in current open file directory(C:/xampp/htdocs/Web_Denamique_TPs/Projet_Pharmcie/app/Controllers)
2024-11-23 22:32:52.497 [pool-3-thread-1] INFO  com.rs.mv.mvvs.client.catalog.from.scan.CurrentPathScanner - [client:400205]scan file in current open file directory(C:/xampp/htdocs/Web_Denamique_TPs/Projet_Pharmcie/app/Views/login)
2024-11-23 22:33:00.675 [pool-3-thread-1] INFO  com.rs.mv.mvvs.client.catalog.from.scan.CurrentPathScanner - [client:400205]scan file in current open file directory(C:/xampp/htdocs/Web_Denamique_TPs/Projet_Pharmcie/app/Controllers)
2024-11-23 22:33:01.917 [pool-3-thread-1] INFO  com.rs.mv.mvvs.client.catalog.from.scan.CurrentPathScanner - [client:400205]scan file in current open file directory(C:/xampp/htdocs/Web_Denamique_TPs/Projet_Pharmcie/app/Views/login)
2024-11-23 22:33:43.248 [pool-3-thread-1] INFO  com.rs.mv.mvvs.client.catalog.from.scan.CurrentPathScanner - [client:400205]scan file in current open file directory(C:/xampp/htdocs/Web_Denamique_TPs/Projet_Pharmcie/app/Controllers)
2024-11-23 22:34:20.155 [pool-3-thread-1] INFO  com.rs.mv.mvvs.client.catalog.from.scan.CurrentPathScanner - [client:400205]scan file in current open file directory(C:/xampp/htdocs/Web_Denamique_TPs/Projet_Pharmcie/app/Views/login)
2024-11-23 22:34:32.290 [pool-3-thread-1] INFO  com.rs.mv.mvvs.client.catalog.from.scan.CurrentPathScanner - [client:400205]scan file in current open file directory(C:/xampp/htdocs/Web_Denamique_TPs/Projet_Pharmcie/app/Views/login)
2024-11-23 22:34:50.162 [pool-3-thread-1] INFO  com.rs.mv.mvvs.client.catalog.from.scan.CurrentPathScanner - [client:400205]scan file in current open file directory(C:/xampp/htdocs/Web_Denamique_TPs/Projet_Pharmcie/app/Controllers)
2024-11-23 22:35:15.608 [pool-3-thread-1] INFO  com.rs.mv.mvvs.client.catalog.from.scan.CurrentPathScanner - [client:400205]scan file in current open file directory(C:/xampp/htdocs/Web_Denamique_TPs/Projet_Pharmcie/app/Controllers)
2024-11-23 22:41:43.195 [pool-3-thread-1] INFO  com.rs.mv.mvvs.client.catalog.from.scan.CurrentPathScanner - [client:400205]scan file in current open file directory(C:/xampp/htdocs/Web_Denamique_TPs/Projet_Pharmcie/app/Config)
2024-11-23 22:44:19.512 [pool-3-thread-1] INFO  com.rs.mv.mvvs.client.catalog.from.scan.CurrentPathScanner - [client:400205]scan file in current open file directory(C:/xampp/htdocs/Web_Denamique_TPs/Projet_Pharmcie/app/Controllers)
2024-11-23 22:44:20.399 [pool-3-thread-1] INFO  com.rs.mv.mvvs.client.catalog.from.scan.CurrentPathScanner - [client:400205]scan file in current open file directory(C:/xampp/htdocs/Web_Denamique_TPs/Projet_Pharmcie/app/Views/login)
2024-11-23 22:44:24.120 [pool-3-thread-1] INFO  com.rs.mv.mvvs.client.catalog.from.scan.CurrentPathScanner - [client:400205]scan file in current open file directory(C:/xampp/htdocs/Web_Denamique_TPs/Projet_Pharmcie/app/Controllers)
2024-11-23 23:02:11.705 [pool-3-thread-1] INFO  com.rs.mv.mvvs.client.catalog.from.scan.CurrentPathScanner - [client:400205]scan file in current open file directory(C:/xampp/htdocs/Web_Denamique_TPs/Projet_Pharmcie/app/Controllers)
2024-11-23 23:08:46.989 [pool-3-thread-1] INFO  com.rs.mv.mvvs.client.catalog.from.scan.CurrentPathScanner - [client:400205]scan file in current open file directory(C:/xampp/htdocs/Web_Denamique_TPs/Projet_Pharmcie)
2024-11-23 23:14:10.581 [pool-3-thread-1] INFO  com.rs.mv.mvvs.client.catalog.from.scan.CurrentPathScanner - [client:400205]scan file in current open file directory(C:/xampp/htdocs/Web_Denamique_TPs/Projet_Pharmcie/app/Config)
2024-11-23 23:14:20.883 [pool-3-thread-1] INFO  com.rs.mv.mvvs.client.catalog.from.scan.CurrentPathScanner - [client:400205]scan file in current open file directory(C:/xampp/htdocs/Web_Denamique_TPs/Projet_Pharmcie)
2024-11-23 23:14:23.945 [pool-3-thread-1] INFO  com.rs.mv.mvvs.client.catalog.from.scan.CurrentPathScanner - [client:400205]scan file in current open file directory(C:/xampp/htdocs/Web_Denamique_TPs/Projet_Pharmcie/app/Config)
2024-11-23 23:18:06.614 [pool-3-thread-1] INFO  com.rs.mv.mvvs.client.catalog.from.scan.CurrentPathScanner - [client:400205]scan file in current open file directory(C:/xampp/htdocs/Web_Denamique_TPs/Projet_Pharmcie/app/Controllers)
2024-11-23 23:19:01.085 [pool-3-thread-1] INFO  com.rs.mv.mvvs.client.catalog.from.scan.CurrentPathScanner - [client:400205]scan file in current open file directory(C:/xampp/htdocs/Web_Denamique_TPs/Projet_Pharmcie/app/Config)
2024-11-23 23:20:51.482 [pool-3-thread-1] INFO  com.rs.mv.mvvs.client.catalog.from.scan.CurrentPathScanner - [client:400205]scan file in current open file directory(C:/xampp/htdocs/Web_Denamique_TPs/Projet_Pharmcie)
